2023-11-16 22:18:53 /index.php

2023-11-16 22:19:47 /index.php

2023-11-16 22:20:38 members index

2023-11-16 22:21:23 members index

2023-11-16 22:29:03 members index

2023-11-16 22:30:43 members index

2023-11-16 22:31:28 members index

2023-11-16 22:46:31 members index

2023-11-16 22:49:43 members index

2023-11-16 22:50:33 members index

2023-11-16 22:52:43 members index

2023-11-16 22:53:00 members index

2023-11-16 22:57:23 members index

2023-11-16 22:57:24 members index

2023-11-16 22:58:30 members index

2023-11-16 22:59:35 members index

2023-11-16 23:00:52 members index

2023-11-16 23:01:23 members index

2023-11-16 23:03:13 members index

2023-11-16 23:03:58 members index

2023-11-16 23:09:48 members index

2023-11-16 23:10:33 members index
Array
2023-11-16 23:12:16 members index
Array
2023-11-16 23:12:23 members index

2023-11-16 23:26:18 members index

2023-11-16 23:26:32 members index
Array
2023-11-16 23:26:45 members index
Array
2023-11-16 23:39:05 members index
Array
(
    [1] => Array
        (
            [id] => 1
            [name] => Test
            [identification] => -
            [producer] => 0
            [consumer] => 1
            [users_access] => 1|Test|test|access,order,pickups,preferences,2|Stefan Dreer|stefan.dreer@hotmail.de|access,order,pickups,pickups,preferences,3|Simone|simone.dafinger@gmx.de|access,order,pickups,preferences,4|Mathias|msl@weltenspiegel.de|access,order,pickups,preferences,5|Stefan Osterath|buero@hotel-planegg.de|access,order,pickups,preferences,6|Susanne Tannenberger|s.tannenberger@gmx.de|access,order,pickups,preferences,7|Thomas Ertle|thomas.ertle@posteo.de|access,order,pickups,preferences,8|Lydia Jarzina|Lydia.Jarzina@protonmail.com|access,order,pickups,preferences,9|Hanna|hkritikos@lylium.de|access,order,pickups,preferences,10|Conny Braun|conny.braun.z@gmx.de|access,order,pickups,preferences,11|Sigi Klein|sigi?|access,pickups,preferences,12|Hartl|hartl?|access,pickups,preferences,13|Mösl|moesl?|access,pickups,preferences,14|Birgit|Sonnenbogen13@gmail.com|access,order,pickups,preferences,15|Stani|stefan-boll@outlook.de|access,order,pickups,preferences
        )

)

2023-11-16 23:41:09 members index
Array
(
    [1] => Array
        (
            [id] => 1
            [name] => Test
            [identification] => -
            [producer] => 0
            [consumer] => 1
            [users_access] => 1|Test|test|access,order,pickups,preferences,2|Stefan Dreer|stefan.dreer@hotmail.de|access,order,pickups,preferences,pickups,3|Simone|simone.dafinger@gmx.de|access,order,pickups,preferences,4|Mathias|msl@weltenspiegel.de|access,order,pickups,preferences,5|Stefan Osterath|buero@hotel-planegg.de|access,order,pickups,preferences,6|Susanne Tannenberger|s.tannenberger@gmx.de|access,order,pickups,preferences,7|Thomas Ertle|thomas.ertle@posteo.de|access,order,pickups,preferences,8|Lydia Jarzina|Lydia.Jarzina@protonmail.com|access,order,pickups,preferences,9|Hanna|hkritikos@lylium.de|access,order,pickups,preferences,10|Conny Braun|conny.braun.z@gmx.de|access,order,pickups,preferences,11|Sigi Klein|sigi?|access,pickups,preferences,12|Hartl|hartl?|access,pickups,preferences,13|Mösl|moesl?|access,pickups,preferences,14|Birgit|Sonnenbogen13@gmail.com|access,order,pickups,preferences,15|Stani|stefan-boll@outlook.de|access,order,pickups,preferences
        )

)

2023-11-16 23:41:38 members index
Array
(
    [14] => Array
        (
            [id] => 14
            [name] => Birgit
            [identification] => user14
            [producer] => 0
            [consumer] => 1
            [users_access] => 14|Birgit|Sonnenbogen13@gmail.com|access,order,pickups,preferences
        )

    [10] => Array
        (
            [id] => 10
            [name] => Conny Braun
            [identification] => user10
            [producer] => 0
            [consumer] => 1
            [users_access] => 10|Conny Braun|conny.braun.z@gmx.de|access,order,pickups,preferences
        )

    [9] => Array
        (
            [id] => 9
            [name] => Hanna
            [identification] => user9
            [producer] => 0
            [consumer] => 1
            [users_access] => 9|Hanna|hkritikos@lylium.de|access,order,pickups,preferences
        )

    [8] => Array
        (
            [id] => 8
            [name] => Lydia Jarzina
            [identification] => user8
            [producer] => 0
            [consumer] => 1
            [users_access] => 8|Lydia Jarzina|Lydia.Jarzina@protonmail.com|access,order,pickups,preferences
        )

    [4] => Array
        (
            [id] => 4
            [name] => Mathias
            [identification] => user4
            [producer] => 0
            [consumer] => 1
            [users_access] => 4|Mathias|msl@weltenspiegel.de|access,order,pickups,preferences
        )

    [3] => Array
        (
            [id] => 3
            [name] => Simone
            [identification] => user3
            [producer] => 0
            [consumer] => 1
            [users_access] => 3|Simone|simone.dafinger@gmx.de|access,order,pickups,preferences
        )

    [15] => Array
        (
            [id] => 15
            [name] => Stani
            [identification] => user15
            [producer] => 0
            [consumer] => 1
            [users_access] => 15|Stani|stefan-boll@outlook.de|access,order,pickups,preferences
        )

    [2] => Array
        (
            [id] => 2
            [name] => Stefan Dreer
            [identification] => user2
            [producer] => 0
            [consumer] => 1
            [users_access] => 2|Stefan Dreer|stefan.dreer@hotmail.de|access,order,pickups,preferences,pickups
        )

    [5] => Array
        (
            [id] => 5
            [name] => Stefan Osterath
            [identification] => user5
            [producer] => 0
            [consumer] => 1
            [users_access] => 5|Stefan Osterath|buero@hotel-planegg.de|access,order,pickups,preferences
        )

    [6] => Array
        (
            [id] => 6
            [name] => Susanne Tannenberger
            [identification] => user6
            [producer] => 0
            [consumer] => 1
            [users_access] => 6|Susanne Tannenberger|s.tannenberger@gmx.de|access,order,pickups,preferences
        )

    [1] => Array
        (
            [id] => 1
            [name] => Test
            [identification] => -
            [producer] => 0
            [consumer] => 1
            [users_access] => 1|Test|test|access,order,pickups,preferences
        )

    [7] => Array
        (
            [id] => 7
            [name] => Thomas Ertle
            [identification] => user7
            [producer] => 0
            [consumer] => 1
            [users_access] => 7|Thomas Ertle|thomas.ertle@posteo.de|access,order,pickups,preferences
        )

    [12] => Array
        (
            [id] => 12
            [name] => Hartl
            [identification] => user12
            [producer] => 1
            [consumer] => 0
            [users_access] => 12|Hartl|hartl?|access,pickups,preferences
        )

    [13] => Array
        (
            [id] => 13
            [name] => Mösl
            [identification] => user13
            [producer] => 1
            [consumer] => 0
            [users_access] => 13|Mösl|moesl?|access,pickups,preferences
        )

    [11] => Array
        (
            [id] => 11
            [name] => Sigi Klein
            [identification] => user11
            [producer] => 1
            [consumer] => 0
            [users_access] => 11|Sigi Klein|sigi?|access,pickups,preferences
        )

)

2023-11-16 23:44:11 members index
Array
(
    [14] => Array
        (
            [id] => 14
            [name] => Birgit
            [identification] => user14
            [producer] => 0
            [consumer] => 1
            [users_access] => 14|Birgit|Sonnenbogen13@gmail.com|access,order,pickups,preferences
        )

    [10] => Array
        (
            [id] => 10
            [name] => Conny Braun
            [identification] => user10
            [producer] => 0
            [consumer] => 1
            [users_access] => 10|Conny Braun|conny.braun.z@gmx.de|access,order,pickups,preferences
        )

    [9] => Array
        (
            [id] => 9
            [name] => Hanna
            [identification] => user9
            [producer] => 0
            [consumer] => 1
            [users_access] => 9|Hanna|hkritikos@lylium.de|access,order,pickups,preferences
        )

    [8] => Array
        (
            [id] => 8
            [name] => Lydia Jarzina
            [identification] => user8
            [producer] => 0
            [consumer] => 1
            [users_access] => 8|Lydia Jarzina|Lydia.Jarzina@protonmail.com|access,order,pickups,preferences
        )

    [4] => Array
        (
            [id] => 4
            [name] => Mathias
            [identification] => user4
            [producer] => 0
            [consumer] => 1
            [users_access] => 4|Mathias|msl@weltenspiegel.de|access,order,pickups,preferences
        )

    [3] => Array
        (
            [id] => 3
            [name] => Simone
            [identification] => user3
            [producer] => 0
            [consumer] => 1
            [users_access] => 3|Simone|simone.dafinger@gmx.de|access,order,pickups,preferences
        )

    [15] => Array
        (
            [id] => 15
            [name] => Stani
            [identification] => user15
            [producer] => 0
            [consumer] => 1
            [users_access] => 15|Stani|stefan-boll@outlook.de|access,order,pickups,preferences
        )

    [2] => Array
        (
            [id] => 2
            [name] => Stefan Dreer
            [identification] => user2
            [producer] => 0
            [consumer] => 1
            [users_access] => 2|Stefan Dreer|stefan.dreer@hotmail.de|access,order,pickups,preferences,pickups
        )

    [5] => Array
        (
            [id] => 5
            [name] => Stefan Osterath
            [identification] => user5
            [producer] => 0
            [consumer] => 1
            [users_access] => 5|Stefan Osterath|buero@hotel-planegg.de|access,order,pickups,preferences
        )

    [6] => Array
        (
            [id] => 6
            [name] => Susanne Tannenberger
            [identification] => user6
            [producer] => 0
            [consumer] => 1
            [users_access] => 6|Susanne Tannenberger|s.tannenberger@gmx.de|access,order,pickups,preferences
        )

    [1] => Array
        (
            [id] => 1
            [name] => Test
            [identification] => -
            [producer] => 0
            [consumer] => 1
            [users_access] => 1|Test|test|access,order,pickups,preferences
        )

    [7] => Array
        (
            [id] => 7
            [name] => Thomas Ertle
            [identification] => user7
            [producer] => 0
            [consumer] => 1
            [users_access] => 7|Thomas Ertle|thomas.ertle@posteo.de|access,order,pickups,preferences
        )

    [12] => Array
        (
            [id] => 12
            [name] => Hartl
            [identification] => user12
            [producer] => 1
            [consumer] => 0
            [users_access] => 12|Hartl|hartl?|access,pickups,preferences
        )

    [13] => Array
        (
            [id] => 13
            [name] => Mösl
            [identification] => user13
            [producer] => 1
            [consumer] => 0
            [users_access] => 13|Mösl|moesl?|access,pickups,preferences
        )

    [11] => Array
        (
            [id] => 11
            [name] => Sigi Klein
            [identification] => user11
            [producer] => 1
            [consumer] => 0
            [users_access] => 11|Sigi Klein|sigi?|access,pickups,preferences
        )

)

2023-11-16 23:45:08 members index
Array
(
)

2023-11-16 23:47:08 members index
Array
(
    [14] => Array
        (
            [id] => 14
            [name] => Birgit
            [identification] => user14
            [producer] => 0
            [consumer] => 1
            [access_users] => 14
        )

    [10] => Array
        (
            [id] => 10
            [name] => Conny Braun
            [identification] => user10
            [producer] => 0
            [consumer] => 1
            [access_users] => 10
        )

    [9] => Array
        (
            [id] => 9
            [name] => Hanna
            [identification] => user9
            [producer] => 0
            [consumer] => 1
            [access_users] => 9
        )

    [8] => Array
        (
            [id] => 8
            [name] => Lydia Jarzina
            [identification] => user8
            [producer] => 0
            [consumer] => 1
            [access_users] => 8
        )

    [4] => Array
        (
            [id] => 4
            [name] => Mathias
            [identification] => user4
            [producer] => 0
            [consumer] => 1
            [access_users] => 4
        )

    [3] => Array
        (
            [id] => 3
            [name] => Simone
            [identification] => user3
            [producer] => 0
            [consumer] => 1
            [access_users] => 3
        )

    [15] => Array
        (
            [id] => 15
            [name] => Stani
            [identification] => user15
            [producer] => 0
            [consumer] => 1
            [access_users] => 15
        )

    [2] => Array
        (
            [id] => 2
            [name] => Stefan Dreer
            [identification] => user2
            [producer] => 0
            [consumer] => 1
            [access_users] => 2,4
        )

    [5] => Array
        (
            [id] => 5
            [name] => Stefan Osterath
            [identification] => user5
            [producer] => 0
            [consumer] => 1
            [access_users] => 5
        )

    [6] => Array
        (
            [id] => 6
            [name] => Susanne Tannenberger
            [identification] => user6
            [producer] => 0
            [consumer] => 1
            [access_users] => 6
        )

    [1] => Array
        (
            [id] => 1
            [name] => Test
            [identification] => -
            [producer] => 0
            [consumer] => 1
            [access_users] => 1
        )

    [7] => Array
        (
            [id] => 7
            [name] => Thomas Ertle
            [identification] => user7
            [producer] => 0
            [consumer] => 1
            [access_users] => 7
        )

    [12] => Array
        (
            [id] => 12
            [name] => Hartl
            [identification] => user12
            [producer] => 1
            [consumer] => 0
            [access_users] => 12
        )

    [13] => Array
        (
            [id] => 13
            [name] => Mösl
            [identification] => user13
            [producer] => 1
            [consumer] => 0
            [access_users] => 13
        )

    [11] => Array
        (
            [id] => 11
            [name] => Sigi Klein
            [identification] => user11
            [producer] => 1
            [consumer] => 0
            [access_users] => 11
        )

)

2023-11-16 23:59:21 members index
Array
(
    [14] => Array
        (
            [id] => 14
            [name] => Birgit
            [identification] => user14
            [producer] => 0
            [consumer] => 1
        )

    [10] => Array
        (
            [id] => 10
            [name] => Conny Braun
            [identification] => user10
            [producer] => 0
            [consumer] => 1
        )

    [9] => Array
        (
            [id] => 9
            [name] => Hanna
            [identification] => user9
            [producer] => 0
            [consumer] => 1
        )

    [8] => Array
        (
            [id] => 8
            [name] => Lydia Jarzina
            [identification] => user8
            [producer] => 0
            [consumer] => 1
        )

    [4] => Array
        (
            [id] => 4
            [name] => Mathias
            [identification] => user4
            [producer] => 0
            [consumer] => 1
        )

    [3] => Array
        (
            [id] => 3
            [name] => Simone
            [identification] => user3
            [producer] => 0
            [consumer] => 1
        )

    [15] => Array
        (
            [id] => 15
            [name] => Stani
            [identification] => user15
            [producer] => 0
            [consumer] => 1
        )

    [2] => Array
        (
            [id] => 2
            [name] => Stefan Dreer
            [identification] => user2
            [producer] => 0
            [consumer] => 1
        )

    [5] => Array
        (
            [id] => 5
            [name] => Stefan Osterath
            [identification] => user5
            [producer] => 0
            [consumer] => 1
        )

    [6] => Array
        (
            [id] => 6
            [name] => Susanne Tannenberger
            [identification] => user6
            [producer] => 0
            [consumer] => 1
        )

    [1] => Array
        (
            [id] => 1
            [name] => Test
            [identification] => -
            [producer] => 0
            [consumer] => 1
        )

    [7] => Array
        (
            [id] => 7
            [name] => Thomas Ertle
            [identification] => user7
            [producer] => 0
            [consumer] => 1
        )

    [12] => Array
        (
            [id] => 12
            [name] => Hartl
            [identification] => user12
            [producer] => 1
            [consumer] => 0
        )

    [13] => Array
        (
            [id] => 13
            [name] => Mösl
            [identification] => user13
            [producer] => 1
            [consumer] => 0
        )

    [11] => Array
        (
            [id] => 11
            [name] => Sigi Klein
            [identification] => user11
            [producer] => 1
            [consumer] => 0
        )

)

2023-11-16 23:59:54 members index
Array
(
    [14] => Array
        (
            [id] => 14
            [name] => Birgit
            [identification] => user14
            [producer] => 0
            [consumer] => 1
        )

    [10] => Array
        (
            [id] => 10
            [name] => Conny Braun
            [identification] => user10
            [producer] => 0
            [consumer] => 1
        )

    [9] => Array
        (
            [id] => 9
            [name] => Hanna
            [identification] => user9
            [producer] => 0
            [consumer] => 1
        )

    [8] => Array
        (
            [id] => 8
            [name] => Lydia Jarzina
            [identification] => user8
            [producer] => 0
            [consumer] => 1
        )

    [4] => Array
        (
            [id] => 4
            [name] => Mathias
            [identification] => user4
            [producer] => 0
            [consumer] => 1
        )

    [3] => Array
        (
            [id] => 3
            [name] => Simone
            [identification] => user3
            [producer] => 0
            [consumer] => 1
        )

    [15] => Array
        (
            [id] => 15
            [name] => Stani
            [identification] => user15
            [producer] => 0
            [consumer] => 1
        )

    [2] => Array
        (
            [id] => 2
            [name] => Stefan Dreer
            [identification] => user2
            [producer] => 0
            [consumer] => 1
        )

    [5] => Array
        (
            [id] => 5
            [name] => Stefan Osterath
            [identification] => user5
            [producer] => 0
            [consumer] => 1
        )

    [6] => Array
        (
            [id] => 6
            [name] => Susanne Tannenberger
            [identification] => user6
            [producer] => 0
            [consumer] => 1
        )

    [1] => Array
        (
            [id] => 1
            [name] => Test
            [identification] => -
            [producer] => 0
            [consumer] => 1
        )

    [7] => Array
        (
            [id] => 7
            [name] => Thomas Ertle
            [identification] => user7
            [producer] => 0
            [consumer] => 1
        )

    [12] => Array
        (
            [id] => 12
            [name] => Hartl
            [identification] => user12
            [producer] => 1
            [consumer] => 0
        )

    [13] => Array
        (
            [id] => 13
            [name] => Mösl
            [identification] => user13
            [producer] => 1
            [consumer] => 0
        )

    [11] => Array
        (
            [id] => 11
            [name] => Sigi Klein
            [identification] => user11
            [producer] => 1
            [consumer] => 0
        )

)

2023-11-17 00:00:31 members index
Array
(
    [14] => Array
        (
            [id] => 14
            [name] => Birgit
            [identification] => user14
            [producer] => 0
            [consumer] => 1
        )

    [10] => Array
        (
            [id] => 10
            [name] => Conny Braun
            [identification] => user10
            [producer] => 0
            [consumer] => 1
        )

    [9] => Array
        (
            [id] => 9
            [name] => Hanna
            [identification] => user9
            [producer] => 0
            [consumer] => 1
        )

    [8] => Array
        (
            [id] => 8
            [name] => Lydia Jarzina
            [identification] => user8
            [producer] => 0
            [consumer] => 1
        )

    [4] => Array
        (
            [id] => 4
            [name] => Mathias
            [identification] => user4
            [producer] => 0
            [consumer] => 1
        )

    [3] => Array
        (
            [id] => 3
            [name] => Simone
            [identification] => user3
            [producer] => 0
            [consumer] => 1
        )

    [15] => Array
        (
            [id] => 15
            [name] => Stani
            [identification] => user15
            [producer] => 0
            [consumer] => 1
        )

    [2] => Array
        (
            [id] => 2
            [name] => Stefan Dreer
            [identification] => user2
            [producer] => 0
            [consumer] => 1
        )

    [5] => Array
        (
            [id] => 5
            [name] => Stefan Osterath
            [identification] => user5
            [producer] => 0
            [consumer] => 1
        )

    [6] => Array
        (
            [id] => 6
            [name] => Susanne Tannenberger
            [identification] => user6
            [producer] => 0
            [consumer] => 1
        )

    [1] => Array
        (
            [id] => 1
            [name] => Test
            [identification] => -
            [producer] => 0
            [consumer] => 1
        )

    [7] => Array
        (
            [id] => 7
            [name] => Thomas Ertle
            [identification] => user7
            [producer] => 0
            [consumer] => 1
        )

    [12] => Array
        (
            [id] => 12
            [name] => Hartl
            [identification] => user12
            [producer] => 1
            [consumer] => 0
        )

    [13] => Array
        (
            [id] => 13
            [name] => Mösl
            [identification] => user13
            [producer] => 1
            [consumer] => 0
        )

    [11] => Array
        (
            [id] => 11
            [name] => Sigi Klein
            [identification] => user11
            [producer] => 1
            [consumer] => 0
        )

)

2023-11-17 00:01:32 members index
Array
(
    [14] => Array
        (
            [id] => 14
            [name] => Birgit
            [identification] => user14
            [producer] => 0
            [consumer] => 1
        )

    [10] => Array
        (
            [id] => 10
            [name] => Conny Braun
            [identification] => user10
            [producer] => 0
            [consumer] => 1
        )

    [9] => Array
        (
            [id] => 9
            [name] => Hanna
            [identification] => user9
            [producer] => 0
            [consumer] => 1
        )

    [8] => Array
        (
            [id] => 8
            [name] => Lydia Jarzina
            [identification] => user8
            [producer] => 0
            [consumer] => 1
        )

    [4] => Array
        (
            [id] => 4
            [name] => Mathias
            [identification] => user4
            [producer] => 0
            [consumer] => 1
        )

    [3] => Array
        (
            [id] => 3
            [name] => Simone
            [identification] => user3
            [producer] => 0
            [consumer] => 1
        )

    [15] => Array
        (
            [id] => 15
            [name] => Stani
            [identification] => user15
            [producer] => 0
            [consumer] => 1
        )

    [2] => Array
        (
            [id] => 2
            [name] => Stefan Dreer
            [identification] => user2
            [producer] => 0
            [consumer] => 1
        )

    [5] => Array
        (
            [id] => 5
            [name] => Stefan Osterath
            [identification] => user5
            [producer] => 0
            [consumer] => 1
        )

    [6] => Array
        (
            [id] => 6
            [name] => Susanne Tannenberger
            [identification] => user6
            [producer] => 0
            [consumer] => 1
        )

    [1] => Array
        (
            [id] => 1
            [name] => Test
            [identification] => -
            [producer] => 0
            [consumer] => 1
        )

    [7] => Array
        (
            [id] => 7
            [name] => Thomas Ertle
            [identification] => user7
            [producer] => 0
            [consumer] => 1
        )

    [12] => Array
        (
            [id] => 12
            [name] => Hartl
            [identification] => user12
            [producer] => 1
            [consumer] => 0
        )

    [13] => Array
        (
            [id] => 13
            [name] => Mösl
            [identification] => user13
            [producer] => 1
            [consumer] => 0
        )

    [11] => Array
        (
            [id] => 11
            [name] => Sigi Klein
            [identification] => user11
            [producer] => 1
            [consumer] => 0
        )

)

2023-11-17 00:03:28 members index
Array
(
    [14] => Array
        (
            [id] => 14
            [name] => Birgit
            [identification] => user14
            [producer] => 0
            [consumer] => 1
        )

    [10] => Array
        (
            [id] => 10
            [name] => Conny Braun
            [identification] => user10
            [producer] => 0
            [consumer] => 1
        )

    [9] => Array
        (
            [id] => 9
            [name] => Hanna
            [identification] => user9
            [producer] => 0
            [consumer] => 1
        )

    [8] => Array
        (
            [id] => 8
            [name] => Lydia Jarzina
            [identification] => user8
            [producer] => 0
            [consumer] => 1
        )

    [4] => Array
        (
            [id] => 4
            [name] => Mathias
            [identification] => user4
            [producer] => 0
            [consumer] => 1
        )

    [3] => Array
        (
            [id] => 3
            [name] => Simone
            [identification] => user3
            [producer] => 0
            [consumer] => 1
        )

    [15] => Array
        (
            [id] => 15
            [name] => Stani
            [identification] => user15
            [producer] => 0
            [consumer] => 1
        )

    [2] => Array
        (
            [id] => 2
            [name] => Stefan Dreer
            [identification] => user2
            [producer] => 0
            [consumer] => 1
        )

    [5] => Array
        (
            [id] => 5
            [name] => Stefan Osterath
            [identification] => user5
            [producer] => 0
            [consumer] => 1
        )

    [6] => Array
        (
            [id] => 6
            [name] => Susanne Tannenberger
            [identification] => user6
            [producer] => 0
            [consumer] => 1
        )

    [1] => Array
        (
            [id] => 1
            [name] => Test
            [identification] => -
            [producer] => 0
            [consumer] => 1
        )

    [7] => Array
        (
            [id] => 7
            [name] => Thomas Ertle
            [identification] => user7
            [producer] => 0
            [consumer] => 1
        )

    [12] => Array
        (
            [id] => 12
            [name] => Hartl
            [identification] => user12
            [producer] => 1
            [consumer] => 0
        )

    [13] => Array
        (
            [id] => 13
            [name] => Mösl
            [identification] => user13
            [producer] => 1
            [consumer] => 0
        )

    [11] => Array
        (
            [id] => 11
            [name] => Sigi Klein
            [identification] => user11
            [producer] => 1
            [consumer] => 0
        )

)

2023-11-17 00:03:46 members index
Array
(
    [14] => Array
        (
            [id] => 14
            [name] => Birgit
            [identification] => user14
            [producer] => 0
            [consumer] => 1
        )

    [10] => Array
        (
            [id] => 10
            [name] => Conny Braun
            [identification] => user10
            [producer] => 0
            [consumer] => 1
        )

    [9] => Array
        (
            [id] => 9
            [name] => Hanna
            [identification] => user9
            [producer] => 0
            [consumer] => 1
        )

    [8] => Array
        (
            [id] => 8
            [name] => Lydia Jarzina
            [identification] => user8
            [producer] => 0
            [consumer] => 1
        )

    [4] => Array
        (
            [id] => 4
            [name] => Mathias
            [identification] => user4
            [producer] => 0
            [consumer] => 1
        )

    [3] => Array
        (
            [id] => 3
            [name] => Simone
            [identification] => user3
            [producer] => 0
            [consumer] => 1
        )

    [15] => Array
        (
            [id] => 15
            [name] => Stani
            [identification] => user15
            [producer] => 0
            [consumer] => 1
        )

    [2] => Array
        (
            [id] => 2
            [name] => Stefan Dreer
            [identification] => user2
            [producer] => 0
            [consumer] => 1
        )

    [5] => Array
        (
            [id] => 5
            [name] => Stefan Osterath
            [identification] => user5
            [producer] => 0
            [consumer] => 1
        )

    [6] => Array
        (
            [id] => 6
            [name] => Susanne Tannenberger
            [identification] => user6
            [producer] => 0
            [consumer] => 1
        )

    [1] => Array
        (
            [id] => 1
            [name] => Test
            [identification] => -
            [producer] => 0
            [consumer] => 1
        )

    [7] => Array
        (
            [id] => 7
            [name] => Thomas Ertle
            [identification] => user7
            [producer] => 0
            [consumer] => 1
        )

    [12] => Array
        (
            [id] => 12
            [name] => Hartl
            [identification] => user12
            [producer] => 1
            [consumer] => 0
        )

    [13] => Array
        (
            [id] => 13
            [name] => Mösl
            [identification] => user13
            [producer] => 1
            [consumer] => 0
        )

    [11] => Array
        (
            [id] => 11
            [name] => Sigi Klein
            [identification] => user11
            [producer] => 1
            [consumer] => 0
        )

)

2023-11-17 00:04:00 members index
Array
(
    [14] => Array
        (
            [id] => 14
            [name] => Birgit
            [identification] => user14
            [producer] => 0
            [consumer] => 1
        )

    [10] => Array
        (
            [id] => 10
            [name] => Conny Braun
            [identification] => user10
            [producer] => 0
            [consumer] => 1
        )

    [9] => Array
        (
            [id] => 9
            [name] => Hanna
            [identification] => user9
            [producer] => 0
            [consumer] => 1
        )

    [8] => Array
        (
            [id] => 8
            [name] => Lydia Jarzina
            [identification] => user8
            [producer] => 0
            [consumer] => 1
        )

    [4] => Array
        (
            [id] => 4
            [name] => Mathias
            [identification] => user4
            [producer] => 0
            [consumer] => 1
        )

    [3] => Array
        (
            [id] => 3
            [name] => Simone
            [identification] => user3
            [producer] => 0
            [consumer] => 1
        )

    [15] => Array
        (
            [id] => 15
            [name] => Stani
            [identification] => user15
            [producer] => 0
            [consumer] => 1
        )

    [2] => Array
        (
            [id] => 2
            [name] => Stefan Dreer
            [identification] => user2
            [producer] => 0
            [consumer] => 1
        )

    [5] => Array
        (
            [id] => 5
            [name] => Stefan Osterath
            [identification] => user5
            [producer] => 0
            [consumer] => 1
        )

    [6] => Array
        (
            [id] => 6
            [name] => Susanne Tannenberger
            [identification] => user6
            [producer] => 0
            [consumer] => 1
        )

    [1] => Array
        (
            [id] => 1
            [name] => Test
            [identification] => -
            [producer] => 0
            [consumer] => 1
        )

    [7] => Array
        (
            [id] => 7
            [name] => Thomas Ertle
            [identification] => user7
            [producer] => 0
            [consumer] => 1
        )

    [12] => Array
        (
            [id] => 12
            [name] => Hartl
            [identification] => user12
            [producer] => 1
            [consumer] => 0
        )

    [13] => Array
        (
            [id] => 13
            [name] => Mösl
            [identification] => user13
            [producer] => 1
            [consumer] => 0
        )

    [11] => Array
        (
            [id] => 11
            [name] => Sigi Klein
            [identification] => user11
            [producer] => 1
            [consumer] => 0
        )

)

2023-11-17 00:05:08 members index
Array
(
    [14] => Array
        (
            [id] => 14
            [name] => Birgit
            [identification] => user14
            [producer] => 0
            [consumer] => 1
        )

    [10] => Array
        (
            [id] => 10
            [name] => Conny Braun
            [identification] => user10
            [producer] => 0
            [consumer] => 1
        )

    [9] => Array
        (
            [id] => 9
            [name] => Hanna
            [identification] => user9
            [producer] => 0
            [consumer] => 1
        )

    [8] => Array
        (
            [id] => 8
            [name] => Lydia Jarzina
            [identification] => user8
            [producer] => 0
            [consumer] => 1
        )

    [4] => Array
        (
            [id] => 4
            [name] => Mathias
            [identification] => user4
            [producer] => 0
            [consumer] => 1
        )

    [3] => Array
        (
            [id] => 3
            [name] => Simone
            [identification] => user3
            [producer] => 0
            [consumer] => 1
        )

    [15] => Array
        (
            [id] => 15
            [name] => Stani
            [identification] => user15
            [producer] => 0
            [consumer] => 1
        )

    [2] => Array
        (
            [id] => 2
            [name] => Stefan Dreer
            [identification] => user2
            [producer] => 0
            [consumer] => 1
        )

    [5] => Array
        (
            [id] => 5
            [name] => Stefan Osterath
            [identification] => user5
            [producer] => 0
            [consumer] => 1
        )

    [6] => Array
        (
            [id] => 6
            [name] => Susanne Tannenberger
            [identification] => user6
            [producer] => 0
            [consumer] => 1
        )

    [1] => Array
        (
            [id] => 1
            [name] => Test
            [identification] => -
            [producer] => 0
            [consumer] => 1
        )

    [7] => Array
        (
            [id] => 7
            [name] => Thomas Ertle
            [identification] => user7
            [producer] => 0
            [consumer] => 1
        )

    [12] => Array
        (
            [id] => 12
            [name] => Hartl
            [identification] => user12
            [producer] => 1
            [consumer] => 0
        )

    [13] => Array
        (
            [id] => 13
            [name] => Mösl
            [identification] => user13
            [producer] => 1
            [consumer] => 0
        )

    [11] => Array
        (
            [id] => 11
            [name] => Sigi Klein
            [identification] => user11
            [producer] => 1
            [consumer] => 0
        )

)

