2023-04-12 00:54:45 mysqli /ajax/buchen_ajax.php
You have an error in your SQL syntax; check the manual that corresponds to your MySQL server version for the right syntax to use near ')' at line 1 >> UPDATE timesheet SET date='2023-04-12',mins='12',what='abcc',modified='1681253685528')
2023-04-12 00:54:55 mysqli /ajax/buchen_ajax.php
You have an error in your SQL syntax; check the manual that corresponds to your MySQL server version for the right syntax to use near ')' at line 1 >> UPDATE timesheet SET date='2023-04-12',mins='12',what='abcc',modified='1681253695543')
2023-04-12 00:55:05 mysqli /ajax/buchen_ajax.php
You have an error in your SQL syntax; check the manual that corresponds to your MySQL server version for the right syntax to use near ')' at line 1 >> UPDATE timesheet SET date='2023-04-12',mins='12',what='abcc',modified='1681253705556')
2023-04-12 00:55:15 mysqli /ajax/buchen_ajax.php
You have an error in your SQL syntax; check the manual that corresponds to your MySQL server version for the right syntax to use near ')' at line 1 >> UPDATE timesheet SET date='2023-04-12',mins='12',what='abcc',modified='1681253715571')
2023-04-12 00:55:25 mysqli /ajax/buchen_ajax.php
You have an error in your SQL syntax; check the manual that corresponds to your MySQL server version for the right syntax to use near ')' at line 1 >> UPDATE timesheet SET date='2023-04-12',mins='12',what='abcc',modified='1681253725589')
2023-04-12 00:55:35 mysqli /ajax/buchen_ajax.php
You have an error in your SQL syntax; check the manual that corresponds to your MySQL server version for the right syntax to use near ')' at line 1 >> UPDATE timesheet SET date='2023-04-12',mins='12',what='abcc',modified='1681253735603')
2023-04-12 00:55:45 mysqli /ajax/buchen_ajax.php
You have an error in your SQL syntax; check the manual that corresponds to your MySQL server version for the right syntax to use near ')' at line 1 >> UPDATE timesheet SET date='2023-04-12',mins='12',what='abcc',modified='1681253745623')
2023-04-12 01:21:16 mysqli /ajax/buchen_ajax.php
Table 'msl_buchen.msl_timesheet' doesn't exist >> SELECT * FROM msl_timesheet WHERE user_id='1' ORDER BY date,modified
2023-04-12 01:21:16 mysqli /ajax/buchen_ajax.php
Table 'msl_buchen.msl_timesheet' doesn't exist >> INSERT INTO msl_timesheet (user_id,id,date,mins,what,modified) VALUES ('1','1681253253352','2023-04-12','12','abcc','1681253814084')
2023-04-12 01:21:16 mysqli /ajax/buchen_ajax.php
Table 'msl_buchen.msl_timesheet' doesn't exist >> INSERT INTO msl_timesheet (user_id,id,date,mins,what,modified) VALUES ('1','1681254974324','2023-04-12','3','asd','1681254974324')
2023-04-12 01:21:16 mysqli /ajax/buchen_ajax.php
Table 'msl_buchen.msl_timesheet' doesn't exist >> INSERT INTO msl_timesheet (user_id,id,date,mins,what,modified) VALUES ('1','1681255012626','2023-04-12','17','jo','1681255012626')
2023-04-12 01:21:16 mysqli /ajax/buchen_ajax.php
Table 'msl_buchen.msl_timesheet' doesn't exist >> INSERT INTO msl_timesheet (user_id,id,date,mins,what,modified) VALUES ('1','1681255037565','2023-04-12','21','aha','1681255037565')
2023-04-12 01:21:26 mysqli /ajax/buchen_ajax.php
Table 'msl_buchen.msl_timesheet' doesn't exist >> SELECT * FROM msl_timesheet WHERE user_id='1' ORDER BY date,modified
2023-04-12 01:21:26 mysqli /ajax/buchen_ajax.php
Table 'msl_buchen.msl_timesheet' doesn't exist >> INSERT INTO msl_timesheet (user_id,id,date,mins,what,modified) VALUES ('1','1681253253352','2023-04-12','12','abcc','1681253814084')
2023-04-12 01:21:26 mysqli /ajax/buchen_ajax.php
Table 'msl_buchen.msl_timesheet' doesn't exist >> INSERT INTO msl_timesheet (user_id,id,date,mins,what,modified) VALUES ('1','1681254974324','2023-04-12','3','asd','1681254974324')
2023-04-12 01:21:26 mysqli /ajax/buchen_ajax.php
Table 'msl_buchen.msl_timesheet' doesn't exist >> INSERT INTO msl_timesheet (user_id,id,date,mins,what,modified) VALUES ('1','1681255012626','2023-04-12','17','jo','1681255012626')
2023-04-12 01:21:26 mysqli /ajax/buchen_ajax.php
Table 'msl_buchen.msl_timesheet' doesn't exist >> INSERT INTO msl_timesheet (user_id,id,date,mins,what,modified) VALUES ('1','1681255037565','2023-04-12','21','aha','1681255037565')
2023-04-12 01:21:26 mysqli /ajax/buchen_ajax.php
Table 'msl_buchen.msl_timesheet' doesn't exist >> SELECT id,date,mins,what,modified FROM msl_timesheet WHERE user_id='1' ORDER BY date,modified
2023-05-01 17:19:13 mysqli /ajax/zeiten_ajax.php
Duplicate entry '1-1682954342327' for key 'msl_timesheet.PRIMARY' >> INSERT INTO msl_timesheet (user_id,id,date,mins,what,modified) VALUES ('1','1682954342327','2023-04-29','34','ass','1682954342327')
2023-05-01 17:19:29 mysqli /ajax/zeiten_ajax.php
Duplicate entry '1-1682954342327' for key 'msl_timesheet.PRIMARY' >> INSERT INTO msl_timesheet (user_id,id,date,mins,what,modified) VALUES ('1','1682954342327','2023-04-29','34','ass','1682954342327')
2023-05-01 17:19:33 mysqli /ajax/zeiten_ajax.php
Duplicate entry '1-1682954342327' for key 'msl_timesheet.PRIMARY' >> INSERT INTO msl_timesheet (user_id,id,date,mins,what,modified) VALUES ('1','1682954342327','2023-04-29','34','ass','1682954342327')
2023-05-01 17:22:16 mysqli /ajax/zeiten_ajax.php
Duplicate entry '1-1682954342327' for key 'msl_timesheet.PRIMARY' >> INSERT INTO msl_timesheet (user_id,id,date,mins,what,modified) VALUES ('1','1682954342327','2023-04-29','34','ass','1682954342327')
2023-05-01 17:22:46 mysqli /ajax/zeiten_ajax.php
Duplicate entry '1-1682954342327' for key 'msl_timesheet.PRIMARY' >> INSERT INTO msl_timesheet (user_id,id,date,mins,what,modified) VALUES ('1','1682954342327','2023-04-29','34','ass','1682954342327')
2023-05-01 17:24:16 mysqli /ajax/zeiten_ajax.php
Duplicate entry '1-1682954342327' for key 'msl_timesheet.PRIMARY' >> INSERT INTO msl_timesheet (user_id,id,date,mins,what,modified) VALUES ('1','1682954342327','2023-04-29','34','ass','1682954342327')
2023-05-01 17:24:30 mysqli /ajax/zeiten_ajax.php
Duplicate entry '1-1682954342327' for key 'msl_timesheet.PRIMARY' >> INSERT INTO msl_timesheet (user_id,id,date,mins,what,modified) VALUES ('1','1682954342327','2023-04-29','34','ass','1682954342327')
2023-05-01 17:24:34 mysqli /ajax/zeiten_ajax.php
Duplicate entry '1-1682954342327' for key 'msl_timesheet.PRIMARY' >> INSERT INTO msl_timesheet (user_id,id,date,mins,what,modified) VALUES ('1','1682954342327','2023-04-29','34','ass','1682954342327')
2023-05-01 17:24:39 mysqli /ajax/zeiten_ajax.php
Duplicate entry '1-1682954342327' for key 'msl_timesheet.PRIMARY' >> INSERT INTO msl_timesheet (user_id,id,date,mins,what,modified) VALUES ('1','1682954342327','2023-04-29','34','ass','1682954342327')
2023-05-01 17:26:22 mysqli /ajax/zeiten_ajax.php
Duplicate entry '1-1682954342327' for key 'msl_timesheet.PRIMARY' >> INSERT INTO msl_timesheet (user_id,id,date,mins,what,modified) VALUES ('1','1682954342327','2023-04-29','34','ass','1682954342327')
2023-05-01 17:26:22 mysqli /ajax/zeiten_ajax.php
Duplicate entry '1-1682954679549' for key 'msl_timesheet.PRIMARY' >> INSERT INTO msl_timesheet (user_id,id,date,mins,what,modified) VALUES ('1','1682954679549','2023-04-28','23','test','1682954679549')
2023-05-01 17:28:24 mysqli /ajax/zeiten_ajax.php
Duplicate entry '1-1682954342327' for key 'msl_timesheet.PRIMARY' >> INSERT INTO msl_timesheet (user_id,id,date,mins,what,modified) VALUES ('1','1682954342327','2023-04-29','34','ass','1682954342327')
2023-05-01 17:28:24 mysqli /ajax/zeiten_ajax.php
Duplicate entry '1-1682954679549' for key 'msl_timesheet.PRIMARY' >> INSERT INTO msl_timesheet (user_id,id,date,mins,what,modified) VALUES ('1','1682954679549','2023-04-28','23','test','1682954679549')
2023-05-01 17:28:24 mysqli /ajax/zeiten_ajax.php
Duplicate entry '1-1682954782902' for key 'msl_timesheet.PRIMARY' >> INSERT INTO msl_timesheet (user_id,id,date,mins,what,modified) VALUES ('1','1682954782902','2023-04-28','123','a','1682954782902')
2023-05-01 20:51:30 mysqli /ajax/orders_ajax.php
You have an error in your SQL syntax; check the manual that corresponds to your MySQL server version for the right syntax to use near 'ORDER BY name' at line 1 >> SELECT p.*,o.amount FROM msl_products p LEFT JOIN msl_orders o ON (p.pid=o.pid AND o.user_id='1'  ORDER BY name
2023-05-01 20:51:30 mysqli /ajax/orders_ajax.php
You have an error in your SQL syntax; check the manual that corresponds to your MySQL server version for the right syntax to use near 'ORDER BY name' at line 1 >> SELECT p.*,o.amount FROM msl_products p LEFT JOIN msl_orders o ON (p.pid=o.pid AND o.user_id='1'  ORDER BY name
2023-05-01 20:52:58 mysqli /ajax/orders_ajax.php
You have an error in your SQL syntax; check the manual that corresponds to your MySQL server version for the right syntax to use near 'ORDER BY name' at line 1 >> SELECT p.*,o.amount FROM msl_products p LEFT JOIN msl_orders o ON (p.pid=o.pid AND o.user_id='1'  ORDER BY name
2023-05-01 20:58:19 mysqli /ajax/orders_ajax.php
You have an error in your SQL syntax; check the manual that corresponds to your MySQL server version for the right syntax to use near 'ORDER BY name' at line 1 >> SELECT p.*,o.amount FROM msl_products p LEFT JOIN msl_orders o ON (p.pid=o.pid AND o.user_id='1'  ORDER BY name
2023-05-01 21:08:15 mysqli /ajax/orders_ajax.php
You have an error in your SQL syntax; check the manual that corresponds to your MySQL server version for the right syntax to use near 'ORDER BY name' at line 1 >> SELECT p.*,o.amount FROM msl_products p LEFT JOIN msl_orders o ON (p.pid=o.pid AND o.user_id='1'  ORDER BY name
2023-05-01 22:07:16 mysqli /ajax/orders_ajax.php
You have an error in your SQL syntax; check the manual that corresponds to your MySQL server version for the right syntax to use near 'ORDER BY name' at line 1 >> SELECT p.*,o.amount FROM msl_products p LEFT JOIN msl_orders o ON (p.pid=o.pid AND o.user_id='1'  ORDER BY name
2023-05-01 22:08:28 mysqli /ajax/orders_ajax.php
You have an error in your SQL syntax; check the manual that corresponds to your MySQL server version for the right syntax to use near 'ORDER BY name' at line 1 >> SELECT p.*,o.amount FROM msl_products p LEFT JOIN msl_orders o ON (p.pid=o.pid AND o.user_id='1'  ORDER BY name
2023-05-03 21:40:12 mysqli /ajax/orders_ajax.php
You have an error in your SQL syntax; check the manual that corresponds to your MySQL server version for the right syntax to use near 'ORDER BY name' at line 1 >> SELECT p.*,o.amount FROM msl_products p LEFT JOIN msl_orders o ON (p.pid=o.pid AND o.user_id='1'  ORDER BY name
2023-05-03 21:46:46 mysqli /ajax/orders_ajax.php
You have an error in your SQL syntax; check the manual that corresponds to your MySQL server version for the right syntax to use near 'ORDER BY name' at line 1 >> SELECT p.*,o.amount FROM msl_products p LEFT JOIN msl_orders o ON (p.pid=o.pid AND o.user_id='1'  ORDER BY name
2023-05-03 21:47:20 mysqli /ajax/orders_ajax.php
You have an error in your SQL syntax; check the manual that corresponds to your MySQL server version for the right syntax to use near 'ORDER BY name' at line 1 >> SELECT p.*,o.amount FROM msl_products p LEFT JOIN msl_orders o ON (p.pid=o.pid AND o.user_id='1'  ORDER BY name
2023-05-03 21:48:01 mysqli /ajax/orders_ajax.php
You have an error in your SQL syntax; check the manual that corresponds to your MySQL server version for the right syntax to use near 'ORDER BY name' at line 1 >> SELECT p.*,o.amount FROM msl_products p LEFT JOIN msl_orders o ON (p.pid=o.pid AND o.user_id='1'  ORDER BY name
2023-05-03 21:48:17 mysqli /ajax/orders_ajax.php
You have an error in your SQL syntax; check the manual that corresponds to your MySQL server version for the right syntax to use near 'ORDER BY name' at line 1 >> SELECT p.*,o.amount FROM msl_products p LEFT JOIN msl_orders o ON (p.pid=o.pid AND o.user_id='1'  ORDER BY name
2023-05-03 21:48:42 mysqli /ajax/orders_ajax.php
You have an error in your SQL syntax; check the manual that corresponds to your MySQL server version for the right syntax to use near 'ORDER BY name' at line 1 >> SELECT p.*,o.amount FROM msl_products p LEFT JOIN msl_orders o ON (p.pid=o.pid AND o.user_id='1'  ORDER BY name
2023-05-03 21:49:25 mysqli /ajax/orders_ajax.php
You have an error in your SQL syntax; check the manual that corresponds to your MySQL server version for the right syntax to use near 'ORDER BY name' at line 1 >> SELECT p.*,o.amount FROM msl_products p LEFT JOIN msl_orders o ON (p.pid=o.pid AND o.user_id='1'  ORDER BY name
2023-05-03 21:50:53 mysqli /ajax/orders_ajax.php
You have an error in your SQL syntax; check the manual that corresponds to your MySQL server version for the right syntax to use near 'ORDER BY name' at line 1 >> SELECT p.*,o.amount FROM msl_products p LEFT JOIN msl_orders o ON (p.pid=o.pid AND o.user_id='1'  ORDER BY name
2023-05-03 21:52:56 mysqli /ajax/orders_ajax.php
You have an error in your SQL syntax; check the manual that corresponds to your MySQL server version for the right syntax to use near 'ORDER BY name' at line 1 >> SELECT p.*,o.amount FROM msl_products p LEFT JOIN msl_orders o ON (p.pid=o.pid AND o.user_id='1'  ORDER BY name
2023-05-03 21:53:10 mysqli /ajax/orders_ajax.php
You have an error in your SQL syntax; check the manual that corresponds to your MySQL server version for the right syntax to use near 'ORDER BY name' at line 1 >> SELECT p.*,o.amount FROM msl_products p LEFT JOIN msl_orders o ON (p.pid=o.pid AND o.user_id='1'  ORDER BY name
2023-05-03 21:53:29 mysqli /ajax/orders_ajax.php
You have an error in your SQL syntax; check the manual that corresponds to your MySQL server version for the right syntax to use near 'ORDER BY name' at line 1 >> SELECT p.*,o.amount FROM msl_products p LEFT JOIN msl_orders o ON (p.pid=o.pid AND o.user_id='1'  ORDER BY name
2023-05-03 21:53:49 mysqli /ajax/orders_ajax.php
You have an error in your SQL syntax; check the manual that corresponds to your MySQL server version for the right syntax to use near 'ORDER BY name' at line 1 >> SELECT p.*,o.amount FROM msl_products p LEFT JOIN msl_orders o ON (p.pid=o.pid AND o.user_id='1'  ORDER BY name
2023-05-03 21:56:18 mysqli /ajax/orders_ajax.php
You have an error in your SQL syntax; check the manual that corresponds to your MySQL server version for the right syntax to use near 'ORDER BY name' at line 1 >> SELECT p.*,o.amount FROM msl_products p LEFT JOIN msl_orders o ON (p.pid=o.pid AND o.user_id='1'  ORDER BY name
2023-05-03 21:58:45 mysqli /ajax/orders_ajax.php
You have an error in your SQL syntax; check the manual that corresponds to your MySQL server version for the right syntax to use near 'ORDER BY name' at line 1 >> SELECT p.*,o.amount FROM msl_products p LEFT JOIN msl_orders o ON (p.pid=o.pid AND o.user_id='1'  ORDER BY name
2023-05-03 21:59:16 mysqli /ajax/orders_ajax.php
You have an error in your SQL syntax; check the manual that corresponds to your MySQL server version for the right syntax to use near 'ORDER BY name' at line 1 >> SELECT p.*,o.amount FROM msl_products p LEFT JOIN msl_orders o ON (p.pid=o.pid AND o.user_id='1'  ORDER BY name
2023-05-03 22:00:13 mysqli /ajax/orders_ajax.php
You have an error in your SQL syntax; check the manual that corresponds to your MySQL server version for the right syntax to use near 'ORDER BY name' at line 1 >> SELECT p.*,o.amount FROM msl_products p LEFT JOIN msl_orders o ON (p.pid=o.pid AND o.user_id='1'  ORDER BY name
2023-05-03 22:00:17 mysqli /ajax/orders_ajax.php
You have an error in your SQL syntax; check the manual that corresponds to your MySQL server version for the right syntax to use near 'ORDER BY name' at line 1 >> SELECT p.*,o.amount FROM msl_products p LEFT JOIN msl_orders o ON (p.pid=o.pid AND o.user_id='1'  ORDER BY name
2023-05-03 22:00:56 mysqli /ajax/orders_ajax.php
You have an error in your SQL syntax; check the manual that corresponds to your MySQL server version for the right syntax to use near 'ORDER BY name' at line 1 >> SELECT p.*,o.amount FROM msl_products p LEFT JOIN msl_orders o ON (p.pid=o.pid AND o.user_id='1'  ORDER BY name
2023-05-03 22:01:12 mysqli /ajax/orders_ajax.php
You have an error in your SQL syntax; check the manual that corresponds to your MySQL server version for the right syntax to use near 'ORDER BY name' at line 1 >> SELECT p.*,o.amount FROM msl_products p LEFT JOIN msl_orders o ON (p.pid=o.pid AND o.user_id='1'  ORDER BY name
2023-05-03 22:01:58 mysqli /ajax/orders_ajax.php
You have an error in your SQL syntax; check the manual that corresponds to your MySQL server version for the right syntax to use near 'ORDER BY name' at line 1 >> SELECT p.*,o.amount FROM msl_products p LEFT JOIN msl_orders o ON (p.pid=o.pid AND o.user_id='1'  ORDER BY name
2023-05-03 22:02:12 mysqli /ajax/orders_ajax.php
You have an error in your SQL syntax; check the manual that corresponds to your MySQL server version for the right syntax to use near 'ORDER BY name' at line 1 >> SELECT p.*,o.amount FROM msl_products p LEFT JOIN msl_orders o ON (p.pid=o.pid AND o.user_id='1'  ORDER BY name
2023-05-03 22:05:11 mysqli /ajax/orders_ajax.php
You have an error in your SQL syntax; check the manual that corresponds to your MySQL server version for the right syntax to use near 'ORDER BY name' at line 1 >> SELECT p.*,o.amount FROM msl_products p LEFT JOIN msl_orders o ON (p.pid=o.pid AND o.user_id='1'  ORDER BY name
2023-05-03 22:06:16 mysqli /ajax/orders_ajax.php
You have an error in your SQL syntax; check the manual that corresponds to your MySQL server version for the right syntax to use near 'ORDER BY name' at line 1 >> SELECT p.*,o.amount FROM msl_products p LEFT JOIN msl_orders o ON (p.pid=o.pid AND o.user_id='1'  ORDER BY name
2023-05-03 22:08:34 mysqli /ajax/orders_ajax.php
You have an error in your SQL syntax; check the manual that corresponds to your MySQL server version for the right syntax to use near 'ORDER BY name' at line 1 >> SELECT p.*,o.amount FROM msl_products p LEFT JOIN msl_orders o ON (p.pid=o.pid AND o.user_id='1'  ORDER BY name
2023-05-03 22:21:00 mysqli /ajax/orders_ajax.php
You have an error in your SQL syntax; check the manual that corresponds to your MySQL server version for the right syntax to use near 'ORDER BY name' at line 1 >> SELECT p.*,o.amount FROM msl_products p LEFT JOIN msl_orders o ON (p.pid=o.pid AND o.user_id='1'  ORDER BY name
2023-05-03 22:25:41 mysqli /ajax/orders_ajax.php
You have an error in your SQL syntax; check the manual that corresponds to your MySQL server version for the right syntax to use near 'ORDER BY name' at line 1 >> SELECT p.*,o.amount FROM msl_products p LEFT JOIN msl_orders o ON (p.pid=o.pid AND o.user_id='1'  ORDER BY name
2023-05-03 22:26:52 mysqli /ajax/orders_ajax.php
You have an error in your SQL syntax; check the manual that corresponds to your MySQL server version for the right syntax to use near 'ORDER BY name' at line 1 >> SELECT p.*,o.amount FROM msl_products p LEFT JOIN msl_orders o ON (p.pid=o.pid AND o.user_id='1'  ORDER BY name
2023-05-03 22:29:48 mysqli /ajax/orders_ajax.php
You have an error in your SQL syntax; check the manual that corresponds to your MySQL server version for the right syntax to use near 'ORDER BY name' at line 1 >> SELECT p.*,o.amount FROM msl_products p LEFT JOIN msl_orders o ON (p.pid=o.pid AND o.user_id='1'  ORDER BY name
2023-05-03 22:30:46 mysqli /ajax/orders_ajax.php
You have an error in your SQL syntax; check the manual that corresponds to your MySQL server version for the right syntax to use near 'ORDER BY name' at line 1 >> SELECT p.*,o.amount FROM msl_products p LEFT JOIN msl_orders o ON (p.pid=o.pid AND o.user_id='1'  ORDER BY name
2023-05-03 22:31:02 mysqli /ajax/orders_ajax.php
You have an error in your SQL syntax; check the manual that corresponds to your MySQL server version for the right syntax to use near 'ORDER BY name' at line 1 >> SELECT p.*,o.amount FROM msl_products p LEFT JOIN msl_orders o ON (p.pid=o.pid AND o.user_id='1'  ORDER BY name
2023-05-03 22:31:16 mysqli /ajax/orders_ajax.php
You have an error in your SQL syntax; check the manual that corresponds to your MySQL server version for the right syntax to use near 'ORDER BY name' at line 1 >> SELECT p.*,o.amount FROM msl_products p LEFT JOIN msl_orders o ON (p.pid=o.pid AND o.user_id='1'  ORDER BY name
2023-05-03 22:32:56 mysqli /ajax/orders_ajax.php
You have an error in your SQL syntax; check the manual that corresponds to your MySQL server version for the right syntax to use near 'ORDER BY name' at line 1 >> SELECT p.*,o.amount FROM msl_products p LEFT JOIN msl_orders o ON (p.pid=o.pid AND o.user_id='1'  ORDER BY name
2023-05-03 22:33:32 mysqli /ajax/orders_ajax.php
You have an error in your SQL syntax; check the manual that corresponds to your MySQL server version for the right syntax to use near 'ORDER BY name' at line 1 >> SELECT p.*,o.amount FROM msl_products p LEFT JOIN msl_orders o ON (p.pid=o.pid AND o.user_id='1'  ORDER BY name
2023-05-03 22:33:57 mysqli /ajax/orders_ajax.php
You have an error in your SQL syntax; check the manual that corresponds to your MySQL server version for the right syntax to use near 'ORDER BY name' at line 1 >> SELECT p.*,o.amount FROM msl_products p LEFT JOIN msl_orders o ON (p.pid=o.pid AND o.user_id='1'  ORDER BY name
2023-05-03 22:35:47 mysqli /ajax/orders_ajax.php
You have an error in your SQL syntax; check the manual that corresponds to your MySQL server version for the right syntax to use near 'ORDER BY name' at line 1 >> SELECT p.*,o.amount FROM msl_products p LEFT JOIN msl_orders o ON (p.pid=o.pid AND o.user_id='1'  ORDER BY name
2023-05-03 22:36:06 mysqli /ajax/orders_ajax.php
You have an error in your SQL syntax; check the manual that corresponds to your MySQL server version for the right syntax to use near 'ORDER BY name' at line 1 >> SELECT p.*,o.amount FROM msl_products p LEFT JOIN msl_orders o ON (p.pid=o.pid AND o.user_id='1'  ORDER BY name
2023-05-03 22:37:19 mysqli /ajax/orders_ajax.php
You have an error in your SQL syntax; check the manual that corresponds to your MySQL server version for the right syntax to use near 'ORDER BY name' at line 1 >> SELECT p.*,o.amount FROM msl_products p LEFT JOIN msl_orders o ON (p.pid=o.pid AND o.user_id='1'  ORDER BY name
2023-05-03 22:38:07 mysqli /ajax/orders_ajax.php
You have an error in your SQL syntax; check the manual that corresponds to your MySQL server version for the right syntax to use near 'ORDER BY name' at line 1 >> SELECT p.*,o.amount FROM msl_products p LEFT JOIN msl_orders o ON (p.pid=o.pid AND o.user_id='1'  ORDER BY name
2023-05-03 22:40:17 mysqli /ajax/orders_ajax.php
You have an error in your SQL syntax; check the manual that corresponds to your MySQL server version for the right syntax to use near 'ORDER BY name' at line 1 >> SELECT p.*,o.amount FROM msl_products p LEFT JOIN msl_orders o ON (p.pid=o.pid AND o.user_id='1'  ORDER BY name
2023-05-03 22:46:16 mysqli /ajax/orders_ajax.php
You have an error in your SQL syntax; check the manual that corresponds to your MySQL server version for the right syntax to use near 'ORDER BY name' at line 1 >> SELECT p.*,o.amount FROM msl_products p LEFT JOIN msl_orders o ON (p.pid=o.pid AND o.user_id='1'  ORDER BY name
2023-05-03 22:46:48 mysqli /ajax/orders_ajax.php
You have an error in your SQL syntax; check the manual that corresponds to your MySQL server version for the right syntax to use near 'ORDER BY name' at line 1 >> SELECT p.*,o.amount FROM msl_products p LEFT JOIN msl_orders o ON (p.pid=o.pid AND o.user_id='1'  ORDER BY name
2023-05-03 23:12:17 mysqli /ajax/orders_ajax.php
You have an error in your SQL syntax; check the manual that corresponds to your MySQL server version for the right syntax to use near 'ORDER BY name' at line 1 >> SELECT p.*,o.id,o.amount FROM msl_products p LEFT JOIN msl_orders o ON (p.pid=o.pid AND o.user_id='1'  ORDER BY name
2023-05-03 23:13:13 mysqli /ajax/orders_ajax.php
You have an error in your SQL syntax; check the manual that corresponds to your MySQL server version for the right syntax to use near 'ORDER BY name' at line 1 >> SELECT p.*,o.id,o.amount FROM msl_products p LEFT JOIN msl_orders o ON (p.pid=o.pid AND o.user_id='1'  ORDER BY name
2023-05-03 23:13:15 mysqli /ajax/orders_ajax.php
You have an error in your SQL syntax; check the manual that corresponds to your MySQL server version for the right syntax to use near 'ORDER BY name' at line 1 >> SELECT p.*,o.id,o.amount FROM msl_products p LEFT JOIN msl_orders o ON (p.pid=o.pid AND o.user_id='1'  ORDER BY name
2023-05-03 23:14:05 mysqli /ajax/orders_ajax.php
You have an error in your SQL syntax; check the manual that corresponds to your MySQL server version for the right syntax to use near 'ORDER BY name' at line 1 >> SELECT p.*,o.id,o.amount FROM msl_products p LEFT JOIN msl_orders o ON (p.pid=o.pid AND o.user_id='1'  ORDER BY name
2023-05-03 23:14:12 mysqli /ajax/orders_ajax.php
You have an error in your SQL syntax; check the manual that corresponds to your MySQL server version for the right syntax to use near 'ORDER BY name' at line 1 >> SELECT p.*,o.id,o.amount FROM msl_products p LEFT JOIN msl_orders o ON (p.pid=o.pid AND o.user_id='1'  ORDER BY name
2023-06-26 00:04:25 mysqli /ajax/orders_ajax.php
You have an error in your SQL syntax; check the manual that corresponds to your MySQL server version for the right syntax to use near 'DESC,name' at line 1 >> SELECT p.*,pr.price,o.amount FROM msl_prices pr,msl_products p LEFT JOIN msl_orders o ON (p.pid=o.pid AND o.user_id='4') WHERE pr.pid=p.pid AND pr.start<=CURDATE() AND pr.end>=CURDATE() ORDER BY interval DESC,name
2023-11-07 22:49:03 /index.php
Unknown column 'password' in 'where clause' >> SELECT * FROM msl_user WHERE email='msl@weltenspiegel.de' AND password='msl2023!'
2023-11-07 22:49:28 /index.php
Unknown column 'password' in 'where clause' >> SELECT * FROM msl_user WHERE email='msl@weltenspiegel.de' AND password='msl2023!'
2023-11-12 09:11:31 /index.php
Unknown column 'p.producer' in 'where clause' >> SELECT p.*,o.*,pr.price,pr.tax, (SELECT pu.name FROM msl_users pu WHERE pu.member_id=p.producer) AS producer_name FROM msl_prices pr,msl_products p   LEFT JOIN msl_orders o ON (p.pid=o.pid AND o.member_id='4') WHERE pr.pid=p.pid AND pr.start<=CURDATE() AND pr.end>=CURDATE()   AND p.type IN ('p','k','b') AND p.status IN ('o','d') ORDER BY status DESC,period DESC,type,name
2023-11-12 09:12:17 /index.php
Unknown column 'p.producer' in 'where clause' >> SELECT p.*,o.*,pr.price,pr.tax, (SELECT pu.name FROM msl_users pu WHERE pu.member_id=p.producer) AS producer_name FROM msl_prices pr,msl_products p   LEFT JOIN msl_orders o ON (p.pid=o.pid AND o.member_id='4') WHERE pr.pid=p.pid AND pr.start<=CURDATE() AND pr.end>=CURDATE()   AND p.type IN ('p','k','b') AND p.status IN ('o','d') ORDER BY status DESC,period DESC,type,name
2023-11-12 16:31:13 /index.php
 >> 
2023-11-12 16:31:22 /index.php
 >> 
2023-11-15 23:18:50 /index.php
Unknown column 'u.rights' in 'field list' >> SELECT m.id AS member_id, m.identification, m.producer, m.consumer, u.id AS user_id,u.email,u.name,u.rights FROM msl_members m,msl_users u WHERE m.id=u.member_id ORDER BY producer,name
2023-11-15 23:25:16 /index.php
Unknown column 'pu.member_id' in 'where clause' >> SELECT p.*,o.*,pr.price,pr.tax,   (SELECT pu.name FROM msl_users pu WHERE pu.member_id=p.producer_id) AS producer_name FROM msl_prices pr,msl_products p   LEFT JOIN msl_orders o ON (p.pid=o.pid AND o.member_id='4') WHERE pr.pid=p.pid AND pr.start<=CURDATE() AND pr.end>=CURDATE()   AND p.type IN ('p','k','b') AND p.status IN ('o','d')   ORDER BY status DESC,period DESC,type,name
2023-11-15 23:28:27 /index.php
Unknown column 'u.member_id' in 'where clause' >> SELECT m.id AS member_id, m.identification, m.producer, m.consumer, u.id AS user_id,u.email,u.name FROM msl_members m,msl_users u WHERE m.id=u.member_id ORDER BY producer,name
2023-11-16 09:05:57 /index.php
Unknown column 'u.member_id' in 'where clause' >> SELECT m.id AS member_id, m.identification, m.producer, m.consumer, u.id AS user_id,u.email,u.name FROM msl_members m,msl_users u WHERE m.id=u.member_id ORDER BY producer,name
2023-11-16 09:14:56 /index.php
Unknown column 'u.member_id' in 'where clause' >> SELECT m.id AS member_id, m.identification, m.producer, m.consumer, u.id AS user_id,u.email,u.name FROM msl_members m,msl_users u WHERE m.id=u.member_id ORDER BY producer,name
2023-11-16 09:30:21 /index.php
Unknown column 'pu.member_id' in 'where clause' >> SELECT p.*,o.*,pr.price,pr.tax,   (SELECT pu.name FROM msl_users pu WHERE pu.member_id=p.producer_id) AS producer_name FROM msl_prices pr,msl_products p   LEFT JOIN msl_orders o ON (p.pid=o.pid AND o.member_id='0') WHERE pr.pid=p.pid AND pr.start<=CURDATE() AND pr.end>=CURDATE()   AND p.type IN ('p','k','b') AND p.status IN ('o','d')   ORDER BY status DESC,period DESC,type,name
2023-11-16 09:37:39 /index.php
Unknown column 'pu.member_id' in 'where clause' >> SELECT p.*,o.*,pr.price,pr.tax,   (SELECT pu.name FROM msl_users pu WHERE pu.member_id=p.producer_id) AS producer_name FROM msl_prices pr,msl_products p   LEFT JOIN msl_orders o ON (p.pid=o.pid AND o.member_id='0') WHERE pr.pid=p.pid AND pr.start<=CURDATE() AND pr.end>=CURDATE()   AND p.type IN ('p','k','b') AND p.status IN ('o','d')   ORDER BY status DESC,period DESC,type,name
2023-11-16 09:38:43 /index.php
Unknown column 'pu.member_id' in 'where clause' >> SELECT p.*,o.*,pr.price,pr.tax,   (SELECT pu.name FROM msl_users pu WHERE pu.member_id=p.producer_id) AS producer_name FROM msl_prices pr,msl_products p   LEFT JOIN msl_orders o ON (p.pid=o.pid AND o.member_id='0') WHERE pr.pid=p.pid AND pr.start<=CURDATE() AND pr.end>=CURDATE()   AND p.type IN ('p','k','b') AND p.status IN ('o','d')   ORDER BY status DESC,period DESC,type,name
2023-11-16 09:38:47 /index.php
Unknown column 'pu.member_id' in 'where clause' >> SELECT p.*,o.*,pr.price,pr.tax,   (SELECT pu.name FROM msl_users pu WHERE pu.member_id=p.producer_id) AS producer_name FROM msl_prices pr,msl_products p   LEFT JOIN msl_orders o ON (p.pid=o.pid AND o.member_id='0') WHERE pr.pid=p.pid AND pr.start<=CURDATE() AND pr.end>=CURDATE()   AND p.type IN ('p','k','b') AND p.status IN ('o','d')   ORDER BY status DESC,period DESC,type,name
2023-11-16 09:39:08 /index.php
Unknown column 'u.member_id' in 'where clause' >> SELECT m.id AS member_id, m.identification, m.producer, m.consumer, u.id AS user_id,u.email,u.name FROM msl_members m,msl_users u WHERE m.id=u.member_id ORDER BY producer,name
2023-11-16 09:50:21 /index.php
Unknown column 'u.member_id' in 'where clause' >> SELECT m.id AS member_id, m.identification, m.producer, m.consumer, u.id AS user_id,u.email,u.name FROM msl_members m,msl_users u WHERE m.id=u.member_id ORDER BY producer,name
2023-11-16 22:18:17 /index.php
You have an error in your SQL syntax; check the manual that corresponds to your MySQL server version for the right syntax to use near 'users_access FROM msl_members m WHERE 1=1  AND m.id='4' ORDER BY producer,name' at line 1 >> SELECT m.*,GROUP_CONCAT((SELECT CONCAT(u.id,'|',u.email,'|',u.name,'|',GROUP_CONCAT(CONCAT(a.access,'|',a.start,'|',a.end))) FROM msl_users u,msl_access a WHERE u.id=a.user_id AND FIND_IN_SET(m.id,a.members) GROUP BY u.id,u.email,u.name ORDER BY u.name) users_access FROM msl_members m WHERE 1=1  AND m.id='4' ORDER BY producer,name
2023-11-16 22:18:53 /index.php
You have an error in your SQL syntax; check the manual that corresponds to your MySQL server version for the right syntax to use near 'users_access FROM msl_members m WHERE 1=1  AND m.id='4' ORDER BY producer,name' at line 1 >> SELECT m.*,GROUP_CONCAT((SELECT CONCAT(u.id,'|',u.email,'|',u.name,'|',GROUP_CONCAT(CONCAT(a.access,'|',a.start,'|',a.end))) FROM msl_users u,msl_access a WHERE u.id=a.user_id AND FIND_IN_SET(m.id,a.members) GROUP BY u.id,u.email,u.name ORDER BY u.name) users_access FROM msl_members m WHERE 1=1  AND m.id='4' ORDER BY producer,name
2023-11-16 22:18:53 /index.php
You have an error in your SQL syntax; check the manual that corresponds to your MySQL server version for the right syntax to use near 'users_access FROM msl_members m WHERE 1=1 /*AND*/ ORDER BY producer,name' at line 1 >> SELECT m.*,GROUP_CONCAT((SELECT CONCAT(u.id,'|',u.email,'|',u.name,'|',GROUP_CONCAT(CONCAT(a.access,'|',a.start,'|',a.end))) FROM msl_users u,msl_access a WHERE u.id=a.user_id AND FIND_IN_SET(m.id,a.members) GROUP BY u.id,u.email,u.name ORDER BY u.name) users_access FROM msl_members m WHERE 1=1 /*AND*/ ORDER BY producer,name
2023-11-16 22:19:47 /index.php
You have an error in your SQL syntax; check the manual that corresponds to your MySQL server version for the right syntax to use near 'ua,'|') users_access FROM msl_members m WHERE 1=1  AND m.id='4' ORDER BY produce' at line 1 >> SELECT m.*,GROUP_CONCAT((SELECT CONCAT(u.id,'|',u.email,'|',u.name,'|',GROUP_CONCAT(CONCAT(a.access,'|',a.start,'|',a.end))) FROM msl_users u,msl_access a WHERE u.id=a.user_id AND FIND_IN_SET(m.id,a.members) GROUP BY u.id,u.email,u.name ORDER BY u.name) ua,'|') users_access FROM msl_members m WHERE 1=1  AND m.id='4' ORDER BY producer,name
2023-11-16 22:19:47 /index.php
You have an error in your SQL syntax; check the manual that corresponds to your MySQL server version for the right syntax to use near 'ua,'|') users_access FROM msl_members m WHERE 1=1 /*AND*/ ORDER BY producer,name' at line 1 >> SELECT m.*,GROUP_CONCAT((SELECT CONCAT(u.id,'|',u.email,'|',u.name,'|',GROUP_CONCAT(CONCAT(a.access,'|',a.start,'|',a.end))) FROM msl_users u,msl_access a WHERE u.id=a.user_id AND FIND_IN_SET(m.id,a.members) GROUP BY u.id,u.email,u.name ORDER BY u.name) ua,'|') users_access FROM msl_members m WHERE 1=1 /*AND*/ ORDER BY producer,name
2023-11-16 22:20:38 /index.php
You have an error in your SQL syntax; check the manual that corresponds to your MySQL server version for the right syntax to use near 'ua,'|') users_access FROM msl_members m WHERE 1=1  AND m.id='4' ORDER BY produce' at line 1 >> SELECT m.*,GROUP_CONCAT((SELECT CONCAT(u.id,'|',u.email,'|',u.name,'|',GROUP_CONCAT(CONCAT(a.access,'|',a.start,'|',a.end))) FROM msl_users u,msl_access a WHERE u.id=a.user_id AND FIND_IN_SET(m.id,a.members) GROUP BY u.id,u.email,u.name ORDER BY u.name) ua,'|') users_access FROM msl_members m WHERE 1=1  AND m.id='4' ORDER BY producer,name
2023-11-16 22:20:38 /index.php
You have an error in your SQL syntax; check the manual that corresponds to your MySQL server version for the right syntax to use near 'ua,'|') users_access FROM msl_members m WHERE 1=1 /*AND*/ ORDER BY producer,name' at line 1 >> SELECT m.*,GROUP_CONCAT((SELECT CONCAT(u.id,'|',u.email,'|',u.name,'|',GROUP_CONCAT(CONCAT(a.access,'|',a.start,'|',a.end))) FROM msl_users u,msl_access a WHERE u.id=a.user_id AND FIND_IN_SET(m.id,a.members) GROUP BY u.id,u.email,u.name ORDER BY u.name) ua,'|') users_access FROM msl_members m WHERE 1=1 /*AND*/ ORDER BY producer,name
2023-11-16 22:21:23 members index
You have an error in your SQL syntax; check the manual that corresponds to your MySQL server version for the right syntax to use near 'ua,'|') users_access FROM msl_members m WHERE 1=1  AND m.id='4' ORDER BY produce' at line 1 >> SELECT m.*,GROUP_CONCAT((SELECT CONCAT(u.id,'|',u.email,'|',u.name,'|',GROUP_CONCAT(CONCAT(a.access,'|',a.start,'|',a.end))) FROM msl_users u,msl_access a WHERE u.id=a.user_id AND FIND_IN_SET(m.id,a.members) GROUP BY u.id,u.email,u.name ORDER BY u.name) ua,'|') users_access FROM msl_members m WHERE 1=1  AND m.id='4' ORDER BY producer,name
2023-11-16 22:21:23 members index
You have an error in your SQL syntax; check the manual that corresponds to your MySQL server version for the right syntax to use near 'ua,'|') users_access FROM msl_members m WHERE 1=1 /*AND*/ ORDER BY producer,name' at line 1 >> SELECT m.*,GROUP_CONCAT((SELECT CONCAT(u.id,'|',u.email,'|',u.name,'|',GROUP_CONCAT(CONCAT(a.access,'|',a.start,'|',a.end))) FROM msl_users u,msl_access a WHERE u.id=a.user_id AND FIND_IN_SET(m.id,a.members) GROUP BY u.id,u.email,u.name ORDER BY u.name) ua,'|') users_access FROM msl_members m WHERE 1=1 /*AND*/ ORDER BY producer,name
2023-11-16 22:29:03 members index
Subquery returns more than 1 row >> SELECT m.*,GROUP_CONCAT((SELECT CONCAT(u.id,'|',u.email,'|',u.name,'|',GROUP_CONCAT(CONCAT(a.access,'|',a.start,'|',a.end),'|')) FROM msl_users u,msl_access a WHERE u.id=a.user_id AND FIND_IN_SET(m.id,a.members) GROUP BY u.id,u.email,u.name ORDER BY u.name),'#') AS users_access FROM msl_members m WHERE 1=1  AND m.id='4' ORDER BY producer,name
2023-11-16 22:29:03 members index
Subquery returns more than 1 row >> SELECT m.*,GROUP_CONCAT((SELECT CONCAT(u.id,'|',u.email,'|',u.name,'|',GROUP_CONCAT(CONCAT(a.access,'|',a.start,'|',a.end),'|')) FROM msl_users u,msl_access a WHERE u.id=a.user_id AND FIND_IN_SET(m.id,a.members) GROUP BY u.id,u.email,u.name ORDER BY u.name),'#') AS users_access FROM msl_members m WHERE 1=1 /*AND*/ ORDER BY producer,name
2023-11-16 22:30:43 members index
You have an error in your SQL syntax; check the manual that corresponds to your MySQL server version for the right syntax to use near 'SELECT CONCAT(u.id,'|',u.email,'|',u.name,'|',GROUP_CONCAT(CONCAT(a.access,'|',a' at line 1 >> SELECT m.*,(SELECT GROUP_CONCAT(SELECT CONCAT(u.id,'|',u.email,'|',u.name,'|',GROUP_CONCAT(CONCAT(a.access,'|',a.start,'|',a.end),'|')) FROM msl_users u,msl_access a WHERE u.id=a.user_id AND FIND_IN_SET(m.id,a.members) GROUP BY u.id,u.email,u.name ORDER BY u.name),'#') AS users_access FROM msl_members m WHERE 1=1  AND m.id='4' ORDER BY producer,name
2023-11-16 22:30:43 members index
You have an error in your SQL syntax; check the manual that corresponds to your MySQL server version for the right syntax to use near 'SELECT CONCAT(u.id,'|',u.email,'|',u.name,'|',GROUP_CONCAT(CONCAT(a.access,'|',a' at line 1 >> SELECT m.*,(SELECT GROUP_CONCAT(SELECT CONCAT(u.id,'|',u.email,'|',u.name,'|',GROUP_CONCAT(CONCAT(a.access,'|',a.start,'|',a.end),'|')) FROM msl_users u,msl_access a WHERE u.id=a.user_id AND FIND_IN_SET(m.id,a.members) GROUP BY u.id,u.email,u.name ORDER BY u.name),'#') AS users_access FROM msl_members m WHERE 1=1 /*AND*/ ORDER BY producer,name
2023-11-16 22:31:28 members index
You have an error in your SQL syntax; check the manual that corresponds to your MySQL server version for the right syntax to use near '' at line 1 >> SELECT m.*,(SELECT GROUP_CONCAT((SELECT CONCAT(u.id,'|',u.email,'|',u.name,'|',GROUP_CONCAT(CONCAT(a.access,'|',a.start,'|',a.end),'|')) FROM msl_users u,msl_access a WHERE u.id=a.user_id AND FIND_IN_SET(m.id,a.members) GROUP BY u.id,u.email,u.name ORDER BY u.name),'#') AS users_access FROM msl_members m WHERE 1=1  AND m.id='4' ORDER BY producer,name
2023-11-16 22:31:28 members index
You have an error in your SQL syntax; check the manual that corresponds to your MySQL server version for the right syntax to use near '' at line 1 >> SELECT m.*,(SELECT GROUP_CONCAT((SELECT CONCAT(u.id,'|',u.email,'|',u.name,'|',GROUP_CONCAT(CONCAT(a.access,'|',a.start,'|',a.end),'|')) FROM msl_users u,msl_access a WHERE u.id=a.user_id AND FIND_IN_SET(m.id,a.members) GROUP BY u.id,u.email,u.name ORDER BY u.name),'#') AS users_access FROM msl_members m WHERE 1=1 /*AND*/ ORDER BY producer,name
2023-11-16 22:46:31 members index
You have an error in your SQL syntax; check the manual that corresponds to your MySQL server version for the right syntax to use near '' at line 1 >> SELECT m.*,(SELECT GROUP_CONCAT((SELECT u.id,u.email,u.name,GROUP_CONCAT(CONCAT(a.access,'|',a.start,'|',a.end) SEPARATOR '|')FROM msl_users u,msl_access a WHERE u.id=a.user_id AND FIND_IN_SET(m.id,a.members) GROUP BY u.id,u.email,u.name ORDER BY u.name) SEPARATOR'#') AS users_access FROM msl_members m WHERE 1=1  AND m.id='4' ORDER BY producer,name
2023-11-16 22:46:31 members index
You have an error in your SQL syntax; check the manual that corresponds to your MySQL server version for the right syntax to use near '' at line 1 >> SELECT m.*,(SELECT GROUP_CONCAT((SELECT u.id,u.email,u.name,GROUP_CONCAT(CONCAT(a.access,'|',a.start,'|',a.end) SEPARATOR '|')FROM msl_users u,msl_access a WHERE u.id=a.user_id AND FIND_IN_SET(m.id,a.members) GROUP BY u.id,u.email,u.name ORDER BY u.name) SEPARATOR'#') AS users_access FROM msl_members m WHERE 1=1 /*AND*/ ORDER BY producer,name
2023-11-16 22:49:43 members index
You have an error in your SQL syntax; check the manual that corresponds to your MySQL server version for the right syntax to use near '' at line 1 >> SELECT m.*,(SELECT GROUP_CONCAT((SELECT u.id,u.email,u.name,GROUP_CONCAT(CONCAT(a.access,'|',a.start,'|',a.end) SEPARATOR '|')FROM msl_users u,msl_access a WHERE u.id=a.user_id AND FIND_IN_SET(m.id,a.members) GROUP BY u.id,u.email,u.name ORDER BY u.name) SEPARATOR '#') AS users_access FROM msl_members m WHERE 1=1  AND m.id='4' ORDER BY producer,name
2023-11-16 22:49:43 members index
You have an error in your SQL syntax; check the manual that corresponds to your MySQL server version for the right syntax to use near '' at line 1 >> SELECT m.*,(SELECT GROUP_CONCAT((SELECT u.id,u.email,u.name,GROUP_CONCAT(CONCAT(a.access,'|',a.start,'|',a.end) SEPARATOR '|')FROM msl_users u,msl_access a WHERE u.id=a.user_id AND FIND_IN_SET(m.id,a.members) GROUP BY u.id,u.email,u.name ORDER BY u.name) SEPARATOR '#') AS users_access FROM msl_members m WHERE 1=1 /*AND*/ ORDER BY producer,name
2023-11-16 22:50:33 members index
You have an error in your SQL syntax; check the manual that corresponds to your MySQL server version for the right syntax to use near '' at line 1 >> SELECT m.*,(SELECT GROUP_CONCAT((SELECT u.id,u.email,u.name,GROUP_CONCAT(CONCAT(a.access,'|',a.start,'|',a.end) SEPARATOR '|') FROM msl_users u,msl_access a WHERE u.id=a.user_id AND FIND_IN_SET(m.id,a.members) GROUP BY u.id,u.email,u.name ORDER BY u.name) SEPARATOR '#') AS users_access FROM msl_members m WHERE 1=1  AND m.id='4' ORDER BY producer,name
2023-11-16 22:50:33 members index
You have an error in your SQL syntax; check the manual that corresponds to your MySQL server version for the right syntax to use near '' at line 1 >> SELECT m.*,(SELECT GROUP_CONCAT((SELECT u.id,u.email,u.name,GROUP_CONCAT(CONCAT(a.access,'|',a.start,'|',a.end) SEPARATOR '|') FROM msl_users u,msl_access a WHERE u.id=a.user_id AND FIND_IN_SET(m.id,a.members) GROUP BY u.id,u.email,u.name ORDER BY u.name) SEPARATOR '#') AS users_access FROM msl_members m WHERE 1=1 /*AND*/ ORDER BY producer,name
2023-11-16 22:52:43 members index
You have an error in your SQL syntax; check the manual that corresponds to your MySQL server version for the right syntax to use near 'FROM msl_users u,msl_access a WHERE u.id=a.user_id AND FIND_IN_SET(m.id,a.member' at line 1 >> SELECT m.*,(SELECT GROUP_CONCAT((SELECT CONCAT(u.id,'|',u.email,'|',u.name,'|',GROUP_CONCAT(CONCAT(a.access,'|',a.start,'|',a.end) SEPARATOR '|') FROM msl_users u,msl_access a WHERE u.id=a.user_id AND FIND_IN_SET(m.id,a.members) GROUP BY u.id,u.email,u.name ORDER BY u.name) SEPARATOR '#') AS users_access FROM msl_members m WHERE 1=1  AND m.id='4' ORDER BY producer,name
2023-11-16 22:52:43 members index
You have an error in your SQL syntax; check the manual that corresponds to your MySQL server version for the right syntax to use near 'FROM msl_users u,msl_access a WHERE u.id=a.user_id AND FIND_IN_SET(m.id,a.member' at line 1 >> SELECT m.*,(SELECT GROUP_CONCAT((SELECT CONCAT(u.id,'|',u.email,'|',u.name,'|',GROUP_CONCAT(CONCAT(a.access,'|',a.start,'|',a.end) SEPARATOR '|') FROM msl_users u,msl_access a WHERE u.id=a.user_id AND FIND_IN_SET(m.id,a.members) GROUP BY u.id,u.email,u.name ORDER BY u.name) SEPARATOR '#') AS users_access FROM msl_members m WHERE 1=1 /*AND*/ ORDER BY producer,name
2023-11-16 22:53:00 members index
You have an error in your SQL syntax; check the manual that corresponds to your MySQL server version for the right syntax to use near '' at line 1 >> SELECT m.*,(SELECT GROUP_CONCAT((SELECT CONCAT(u.id,'|',u.email,'|',u.name,'|',GROUP_CONCAT(CONCAT(a.access,'|',a.start,'|',a.end) SEPARATOR '|')) FROM msl_users u,msl_access a WHERE u.id=a.user_id AND FIND_IN_SET(m.id,a.members) GROUP BY u.id,u.email,u.name ORDER BY u.name) SEPARATOR '#') AS users_access FROM msl_members m WHERE 1=1  AND m.id='4' ORDER BY producer,name
2023-11-16 22:53:00 members index
You have an error in your SQL syntax; check the manual that corresponds to your MySQL server version for the right syntax to use near '' at line 1 >> SELECT m.*,(SELECT GROUP_CONCAT((SELECT CONCAT(u.id,'|',u.email,'|',u.name,'|',GROUP_CONCAT(CONCAT(a.access,'|',a.start,'|',a.end) SEPARATOR '|')) FROM msl_users u,msl_access a WHERE u.id=a.user_id AND FIND_IN_SET(m.id,a.members) GROUP BY u.id,u.email,u.name ORDER BY u.name) SEPARATOR '#') AS users_access FROM msl_members m WHERE 1=1 /*AND*/ ORDER BY producer,name
2023-11-16 22:57:23 members index
You have an error in your SQL syntax; check the manual that corresponds to your MySQL server version for the right syntax to use near '' at line 1 >> SELECT m.*,(SELECT GROUP_CONCAT((SELECT CONCAT(u.id,'|',u.email,'|',u.name,'|',GROUP_CONCAT(CONCAT(a.access,'|',a.start,'|',a.end) SEPARATOR '|')) FROM msl_users u,msl_access a WHERE u.id=a.user_id AND FIND_IN_SET(m.id,a.members) GROUP BY u.id,u.email,u.name ORDER BY u.name) SEPARATOR '#') AS users_access FROM msl_members m WHERE 1=1  AND m.id='4' GROUP BY m.id ORDER BY producer,name
2023-11-16 22:57:23 members index
You have an error in your SQL syntax; check the manual that corresponds to your MySQL server version for the right syntax to use near '' at line 1 >> SELECT m.*,(SELECT GROUP_CONCAT((SELECT CONCAT(u.id,'|',u.email,'|',u.name,'|',GROUP_CONCAT(CONCAT(a.access,'|',a.start,'|',a.end) SEPARATOR '|')) FROM msl_users u,msl_access a WHERE u.id=a.user_id AND FIND_IN_SET(m.id,a.members) GROUP BY u.id,u.email,u.name ORDER BY u.name) SEPARATOR '#') AS users_access FROM msl_members m WHERE 1=1 /*AND*/ GROUP BY m.id ORDER BY producer,name
2023-11-16 22:57:24 members index
You have an error in your SQL syntax; check the manual that corresponds to your MySQL server version for the right syntax to use near '' at line 1 >> SELECT m.*,(SELECT GROUP_CONCAT((SELECT CONCAT(u.id,'|',u.email,'|',u.name,'|',GROUP_CONCAT(CONCAT(a.access,'|',a.start,'|',a.end) SEPARATOR '|')) FROM msl_users u,msl_access a WHERE u.id=a.user_id AND FIND_IN_SET(m.id,a.members) GROUP BY u.id,u.email,u.name ORDER BY u.name) SEPARATOR '#') AS users_access FROM msl_members m WHERE 1=1  AND m.id='4' GROUP BY m.id ORDER BY producer,name
2023-11-16 22:57:24 members index
You have an error in your SQL syntax; check the manual that corresponds to your MySQL server version for the right syntax to use near '' at line 1 >> SELECT m.*,(SELECT GROUP_CONCAT((SELECT CONCAT(u.id,'|',u.email,'|',u.name,'|',GROUP_CONCAT(CONCAT(a.access,'|',a.start,'|',a.end) SEPARATOR '|')) FROM msl_users u,msl_access a WHERE u.id=a.user_id AND FIND_IN_SET(m.id,a.members) GROUP BY u.id,u.email,u.name ORDER BY u.name) SEPARATOR '#') AS users_access FROM msl_members m WHERE 1=1 /*AND*/ GROUP BY m.id ORDER BY producer,name
2023-11-16 22:58:30 members index
Subquery returns more than 1 row >> SELECT m.*,(SELECT GROUP_CONCAT((SELECT CONCAT(u.id,'|',u.email,'|',u.name,'|',GROUP_CONCAT(CONCAT(a.access,'|',a.start,'|',a.end) SEPARATOR '|')) FROM msl_users u,msl_access a WHERE u.id=a.user_id AND FIND_IN_SET(m.id,a.members) GROUP BY u.id,u.email,u.name ORDER BY u.name) SEPARATOR '#')) AS users_access FROM msl_members m WHERE 1=1  AND m.id='4' GROUP BY m.id ORDER BY producer,name
2023-11-16 22:58:30 members index
Subquery returns more than 1 row >> SELECT m.*,(SELECT GROUP_CONCAT((SELECT CONCAT(u.id,'|',u.email,'|',u.name,'|',GROUP_CONCAT(CONCAT(a.access,'|',a.start,'|',a.end) SEPARATOR '|')) FROM msl_users u,msl_access a WHERE u.id=a.user_id AND FIND_IN_SET(m.id,a.members) GROUP BY u.id,u.email,u.name ORDER BY u.name) SEPARATOR '#')) AS users_access FROM msl_members m WHERE 1=1 /*AND*/ GROUP BY m.id ORDER BY producer,name
2023-11-16 22:59:35 members index
You have an error in your SQL syntax; check the manual that corresponds to your MySQL server version for the right syntax to use near 'SELECT CONCAT(u.id,'|',u.email,'|',u.name,'|',GROUP_CONCAT(CONCAT(a.access,'|',a' at line 1 >> SELECT m.*,(SELECT GROUP_CONCAT(SELECT CONCAT(u.id,'|',u.email,'|',u.name,'|',GROUP_CONCAT(CONCAT(a.access,'|',a.start,'|',a.end) SEPARATOR '|') FROM msl_users u,msl_access a WHERE u.id=a.user_id AND FIND_IN_SET(m.id,a.members) GROUP BY u.id,u.email,u.name ORDER BY u.name) SEPARATOR '#') AS users_access FROM msl_members m WHERE 1=1  AND m.id='4' GROUP BY m.id ORDER BY producer,name
2023-11-16 22:59:35 members index
You have an error in your SQL syntax; check the manual that corresponds to your MySQL server version for the right syntax to use near 'SELECT CONCAT(u.id,'|',u.email,'|',u.name,'|',GROUP_CONCAT(CONCAT(a.access,'|',a' at line 1 >> SELECT m.*,(SELECT GROUP_CONCAT(SELECT CONCAT(u.id,'|',u.email,'|',u.name,'|',GROUP_CONCAT(CONCAT(a.access,'|',a.start,'|',a.end) SEPARATOR '|') FROM msl_users u,msl_access a WHERE u.id=a.user_id AND FIND_IN_SET(m.id,a.members) GROUP BY u.id,u.email,u.name ORDER BY u.name) SEPARATOR '#') AS users_access FROM msl_members m WHERE 1=1 /*AND*/ GROUP BY m.id ORDER BY producer,name
2023-11-16 23:00:52 members index
Subquery returns more than 1 row >> SELECT m.*,(SELECT GROUP_CONCAT((SELECT CONCAT(u.id,'|',u.email,'|',u.name,'|',GROUP_CONCAT(CONCAT(a.access,'|',a.start,'|',a.end) SEPARATOR '|')) FROM msl_users u,msl_access a WHERE u.id=a.user_id AND FIND_IN_SET(m.id,a.members) GROUP BY u.id,u.email,u.name ORDER BY u.name) SEPARATOR '#')) AS users_access FROM msl_members m WHERE 1=1  AND m.id='4' GROUP BY m.id ORDER BY producer,name
2023-11-16 23:00:52 members index
Subquery returns more than 1 row >> SELECT m.*,(SELECT GROUP_CONCAT((SELECT CONCAT(u.id,'|',u.email,'|',u.name,'|',GROUP_CONCAT(CONCAT(a.access,'|',a.start,'|',a.end) SEPARATOR '|')) FROM msl_users u,msl_access a WHERE u.id=a.user_id AND FIND_IN_SET(m.id,a.members) GROUP BY u.id,u.email,u.name ORDER BY u.name) SEPARATOR '#')) AS users_access FROM msl_members m WHERE 1=1 /*AND*/ GROUP BY m.id ORDER BY producer,name
2023-11-16 23:01:23 members index
Subquery returns more than 1 row >> SELECT m.*,GROUP_CONCAT((SELECT CONCAT(u.id,'|',u.email,'|',u.name,'|',GROUP_CONCAT(CONCAT(a.access,'|',a.start,'|',a.end) SEPARATOR '|')) FROM msl_users u,msl_access a WHERE u.id=a.user_id AND FIND_IN_SET(m.id,a.members) GROUP BY u.id,u.email,u.name ORDER BY u.name) SEPARATOR '#') AS users_access FROM msl_members m WHERE 1=1  AND m.id='4' GROUP BY m.id ORDER BY producer,name
2023-11-16 23:01:23 members index
Subquery returns more than 1 row >> SELECT m.*,GROUP_CONCAT((SELECT CONCAT(u.id,'|',u.email,'|',u.name,'|',GROUP_CONCAT(CONCAT(a.access,'|',a.start,'|',a.end) SEPARATOR '|')) FROM msl_users u,msl_access a WHERE u.id=a.user_id AND FIND_IN_SET(m.id,a.members) GROUP BY u.id,u.email,u.name ORDER BY u.name) SEPARATOR '#') AS users_access FROM msl_members m WHERE 1=1 /*AND*/ GROUP BY m.id ORDER BY producer,name
2023-11-16 23:03:13 members index
Subquery returns more than 1 row >> SELECT m.*,GROUP_CONCAT((SELECT CONCAT(u.id,'|',u.email,'|',u.name,'|') FROM msl_users u,msl_access a WHERE u.id=a.user_id AND FIND_IN_SET(m.id,a.members) GROUP BY u.id,u.email,u.name ORDER BY u.name) SEPARATOR '#') AS users_access FROM msl_members m WHERE 1=1  AND m.id='4' GROUP BY m.id ORDER BY producer,name
2023-11-16 23:03:13 members index
Subquery returns more than 1 row >> SELECT m.*,GROUP_CONCAT((SELECT CONCAT(u.id,'|',u.email,'|',u.name,'|') FROM msl_users u,msl_access a WHERE u.id=a.user_id AND FIND_IN_SET(m.id,a.members) GROUP BY u.id,u.email,u.name ORDER BY u.name) SEPARATOR '#') AS users_access FROM msl_members m WHERE 1=1 /*AND*/ GROUP BY m.id ORDER BY producer,name
2023-11-16 23:03:58 members index
Subquery returns more than 1 row >> SELECT m.*,GROUP_CONCAT((SELECT DISTINCT CONCAT(u.id,'|',u.email,'|',u.name,'|') FROM msl_users u,msl_access a WHERE u.id=a.user_id AND FIND_IN_SET(m.id,a.members) GROUP BY u.id,u.email,u.name ORDER BY u.name) SEPARATOR '#') AS users_access FROM msl_members m WHERE 1=1  AND m.id='4' GROUP BY m.id ORDER BY producer,name
2023-11-16 23:03:58 members index
Subquery returns more than 1 row >> SELECT m.*,GROUP_CONCAT((SELECT DISTINCT CONCAT(u.id,'|',u.email,'|',u.name,'|') FROM msl_users u,msl_access a WHERE u.id=a.user_id AND FIND_IN_SET(m.id,a.members) GROUP BY u.id,u.email,u.name ORDER BY u.name) SEPARATOR '#') AS users_access FROM msl_members m WHERE 1=1 /*AND*/ GROUP BY m.id ORDER BY producer,name
2023-11-16 23:09:48 members index
Subquery returns more than 1 row >> SELECT m.*,GROUP_CONCAT((SELECT CONCAT(u.id,'|',u.email,'|',u.name,'|') FROM msl_users u,msl_access a WHERE u.id=a.user_id AND FIND_IN_SET(m.id,a.members) ORDER BY u.name) SEPARATOR '#') AS users_access FROM msl_members m WHERE 1=1  AND m.id='4' GROUP BY m.id ORDER BY producer,name
2023-11-16 23:09:48 members index
Subquery returns more than 1 row >> SELECT m.*,GROUP_CONCAT((SELECT CONCAT(u.id,'|',u.email,'|',u.name,'|') FROM msl_users u,msl_access a WHERE u.id=a.user_id AND FIND_IN_SET(m.id,a.members) ORDER BY u.name) SEPARATOR '#') AS users_access FROM msl_members m WHERE 1=1 /*AND*/ GROUP BY m.id ORDER BY producer,name
2023-11-16 23:12:23 members index
Invalid use of group function >> SELECT m.*,GROUP_CONCAT((SELECT GROUP_CONCAT(CONCAT(u.id,'|',u.email,'|',u.name,'|',GROUP_CONCAT(CONCAT(a.access,'|',a.start,'|',a.end) SEPARATOR '|'))) FROM msl_users u,msl_access a WHERE u.id=a.user_id AND FIND_IN_SET(m.id,a.members) GROUP BY u.id,u.email,u.name ORDER BY u.name) SEPARATOR '#') AS users_access FROM msl_members m WHERE 1=1  AND m.id='4' GROUP BY m.id ORDER BY producer,name
2023-11-16 23:12:23 members index
Invalid use of group function >> SELECT m.*,GROUP_CONCAT((SELECT GROUP_CONCAT(CONCAT(u.id,'|',u.email,'|',u.name,'|',GROUP_CONCAT(CONCAT(a.access,'|',a.start,'|',a.end) SEPARATOR '|'))) FROM msl_users u,msl_access a WHERE u.id=a.user_id AND FIND_IN_SET(m.id,a.members) GROUP BY u.id,u.email,u.name ORDER BY u.name) SEPARATOR '#') AS users_access FROM msl_members m WHERE 1=1 /*AND*/ GROUP BY m.id ORDER BY producer,name
2023-11-16 23:26:18 members index
You have an error in your SQL syntax; check the manual that corresponds to your MySQL server version for the right syntax to use near 'FIND_IN_SET(m.id,a.members)) AS access_users FROM msl_members m WHERE 1=1  AND m' at line 1 >> SELECT m.*,(SELECT GROUP_CONCAT(a.user_id) FROM msl_access a FIND_IN_SET(m.id,a.members)) AS access_users FROM msl_members m WHERE 1=1  AND m.id='4' ORDER BY producer,name
2023-11-16 23:26:18 members index
You have an error in your SQL syntax; check the manual that corresponds to your MySQL server version for the right syntax to use near 'FIND_IN_SET(m.id,a.members)) AS access_users FROM msl_members m WHERE 1=1 /*AND*' at line 1 >> SELECT m.*,(SELECT GROUP_CONCAT(a.user_id) FROM msl_access a FIND_IN_SET(m.id,a.members)) AS access_users FROM msl_members m WHERE 1=1 /*AND*/ ORDER BY producer,name
2023-11-16 23:45:08 members index
Subquery returns more than 1 row >> SELECT m.id,m.name,m.identification,m.producer,m.consumer,(SELECT GROUP_CONCAT((SELECT CONCAT_WS('|',u.id,u.name,u.email,GROUP_CONCAT(a.access)) FROM msl_users u,msl_access a WHERE a.member_id=m.id AND a.user_id=u.id GROUP BY u.id,u.name,u.email))) AS users_access FROM msl_members m WHERE 1=1 /*AND*/ GROUP BY m.id,m.name,m.identification,m.producer,m.consumer ORDER BY producer,name
2023-11-16 23:59:21 members index
You have an error in your SQL syntax; check the manual that corresponds to your MySQL server version for the right syntax to use near '.email,a.access,a.start,a.end FROM msl_access a, msl_users u WHERE a.user_id=u.i' at line 1 >> SELECT a.member_id,u.id,u.name.u.email,a.access,a.start,a.end FROM msl_access a, msl_users u WHERE a.user_id=u.id /*AND*/
2023-11-17 00:03:28 members index
You have an error in your SQL syntax; check the manual that corresponds to your MySQL server version for the right syntax to use near ') AS access FROM msl_access a, msl_users u WHERE a.user_id=u.id /*AND*/GROUP BY ' at line 1 >> SELECT a.member_id,a.user_id,u.name,u.email,GROUP_CONCAT(CONCAT_WS,'|',a.access,a.start,a.end)) AS access FROM msl_access a, msl_users u WHERE a.user_id=u.id /*AND*/GROUP BY a.member_id,a.user_id,u.name,u.email
2023-11-17 00:03:46 members index
You have an error in your SQL syntax; check the manual that corresponds to your MySQL server version for the right syntax to use near ') AS access FROM msl_access a, msl_users u WHERE a.user_id=u.id /*AND*/ GROUP BY' at line 1 >> SELECT a.member_id,a.user_id,u.name,u.email,GROUP_CONCAT(CONCAT_WS,'|',a.access,a.start,a.end)) AS access FROM msl_access a, msl_users u WHERE a.user_id=u.id /*AND*/ GROUP BY a.member_id,a.user_id,u.name,u.email
2023-11-17 00:18:57 auth login_ajax
Unknown column 'members' in 'field list' >> SELECT access,members FROM msl_access WHERE start<=CURDATE() AND end>=CURDATE() AND user_id='4'
2023-11-17 00:40:41 users index
Table 'msl_buchen.msl_member' doesn't exist >> SELECT u.id,u.name,u.email, GROUP_CONCAT(a.access) access FROM msl_users u LEFT JOIN msl_access a ON (a.user_id=u.id) LEFT JOIN msl_member m ON (a.member_id=m.id) GROUP BY u.id,u.name,u.email ORDER BY u.name
2023-11-17 00:52:00 users index
Unknown column 'm.member_id' in 'field list' >> SELECT u.id,u.name,u.email,m.member_id,m.name AS m_name,a.access,a.start,a.end FROM msl_users u LEFT JOIN msl_access a ON (a.user_id=u.id) LEFT JOIN msl_members m ON (a.member_id=m.id) ORDER BY u.name,m_name,a.access
2023-11-17 11:21:04 orders index
Unknown column 'o.product_id' in 'where clause' >> SELECT * FROM msl_orders o, msl_products WHERE o.product_id=p.id
2023-11-17 11:22:03 orders index
Unknown column 'p.pid' in 'where clause' >> SELECT * FROM msl_orders o, msl_products WHERE o.pid=p.pid
2023-11-17 11:26:03 orders index
You have an error in your SQL syntax; check the manual that corresponds to your MySQL server version for the right syntax to use near 'FROM msl_orders o, msl_products p WHERE o.pid=p.pid' at line 1 >> SELECT p.name,p.type,p.period, FROM msl_orders o, msl_products p WHERE o.pid=p.pid
2023-11-17 11:26:13 orders index
You have an error in your SQL syntax; check the manual that corresponds to your MySQL server version for the right syntax to use near 'FROM msl_orders o, msl_products p WHERE o.pid=p.pid' at line 1 >> SELECT p.name,p.type,p.period, FROM msl_orders o, msl_products p WHERE o.pid=p.pid
2023-11-17 11:26:43 orders index
You have an error in your SQL syntax; check the manual that corresponds to your MySQL server version for the right syntax to use near 'FROM msl_orders o, msl_products p WHERE o.pid=p.pid' at line 1 >> SELECT p.name,p.type,p.period, FROM msl_orders o, msl_products p WHERE o.pid=p.pid
2023-11-17 15:22:52 orders index
Unknown column 'p.producer' in 'where clause' >> SELECT p.pid,p.name,p.type,p.period, o.amount,pr.price,pr.tax, m.id AS member_id,m.name AS m_name, (SELECT mp.name FROM msl_members mp WHERE mp.id=p.producer) AS producer_name FROM msl_orders o, msl_products p, msl_prices pr, msl_members m WHERE o.pid=p.pid AND o.member_id=m.id AND o.amount>0 AND p.pid=pr.pid AND pr.start<=CURDATE() AND pr.end>=CURDATE() ORDER BY p.period DESC,p.type,p.name,m.name
2023-11-17 15:23:35 orders index
Unknown column 'p.producer' in 'where clause' >> SELECT p.pid,p.name,p.type,p.period, o.amount,pr.price,pr.tax, m.id AS member_id,m.name AS m_name, (SELECT mp.name FROM msl_members mp WHERE mp.id=p.producer) AS producer_name FROM msl_orders o, msl_products p, msl_prices pr, msl_members m WHERE o.pid=p.pid AND o.member_id=m.id AND o.amount>0 AND p.pid=pr.pid AND pr.start<=CURDATE() AND pr.end>=CURDATE() ORDER BY p.period DESC,p.type,p.name,m.name
2023-11-18 00:13:03 timesheet index
Unknown column 'p.period' in 'order clause' >> SELECT * FROM msl_timesheet ORDER BY p.period DESC,p.type,p.name,m.name
2023-11-18 00:14:19 timesheet index
Unknown column 'p.period' in 'order clause' >> SELECT * FROM msl_timesheet ORDER BY p.period DESC,p.type,p.name,m.name
2023-11-18 00:15:14 timesheet index
Unknown column 'p.period' in 'order clause' >> SELECT * FROM msl_timesheet ORDER BY p.period DESC,p.type,p.name,m.name
2023-11-18 00:15:29 timesheet index
Unknown column 'p.period' in 'order clause' >> SELECT * FROM msl_timesheet ORDER BY p.period DESC,p.type,p.name,m.name
2023-11-18 00:15:39 timesheet index
Unknown column 'p.period' in 'order clause' >> SELECT * FROM msl_timesheet ORDER BY p.period DESC,p.type,p.name,m.name
2023-11-18 00:16:16 timesheet index
Unknown column 'p.period' in 'order clause' >> SELECT * FROM msl_timesheet ORDER BY p.period DESC,p.type,p.name,m.name
2023-11-18 00:17:13 timesheet index
Unknown column 'p.period' in 'order clause' >> SELECT * FROM msl_timesheet ORDER BY p.period DESC,p.type,p.name,m.name
2023-11-18 00:18:35 timesheet index
Unknown column 'p.period' in 'order clause' >> SELECT * FROM msl_timesheet ORDER BY p.period DESC,p.type,p.name,m.name
2023-11-18 00:18:58 timesheet index
Unknown column 'p.period' in 'order clause' >> SELECT * FROM msl_timesheet ORDER BY p.period DESC,p.type,p.name,m.name
2023-11-18 00:21:20 timesheet index
Unknown column 'p.period' in 'order clause' >> SELECT * FROM msl_timesheet ORDER BY p.period DESC,p.type,p.name,m.name
2023-11-18 00:22:44 timesheet index
Unknown column 'p.period' in 'order clause' >> SELECT * FROM msl_timesheet ORDER BY p.period DESC,p.type,p.name,m.name
2023-11-18 00:23:33 timesheet index
Unknown column 'p.period' in 'order clause' >> SELECT * FROM msl_timesheet ORDER BY p.period DESC,p.type,p.name,m.name
2023-11-18 00:24:02 timesheet index
Unknown column 'p.period' in 'order clause' >> SELECT * FROM msl_timesheet ORDER BY p.period DESC,p.type,p.name,m.name
2023-11-18 00:24:21 timesheet index
Unknown column 'p.period' in 'order clause' >> SELECT * FROM msl_timesheet ORDER BY p.period DESC,p.type,p.name,m.name
2023-11-18 00:24:38 timesheet index
Unknown column 'p.period' in 'order clause' >> SELECT * FROM msl_timesheet ORDER BY p.period DESC,p.type,p.name,m.name
2023-11-18 00:25:35 timesheet index
Unknown column 'p.period' in 'order clause' >> SELECT * FROM msl_timesheet ORDER BY p.period DESC,p.type,p.name,m.name
2023-11-18 00:25:55 timesheet index
Unknown column 'p.period' in 'order clause' >> SELECT * FROM msl_timesheet ORDER BY p.period DESC,p.type,p.name,m.name
2023-11-18 00:27:14 timesheet index
Unknown column 'p.period' in 'order clause' >> SELECT * FROM msl_timesheet ORDER BY p.period DESC,p.type,p.name,m.name
2023-11-18 00:28:46 timesheet index
Unknown column 'p.period' in 'order clause' >> SELECT * FROM msl_timesheet ORDER BY p.period DESC,p.type,p.name,m.name
2023-11-18 00:28:53 timesheet index
Unknown column 'p.period' in 'order clause' >> SELECT * FROM msl_timesheet ORDER BY p.period DESC,p.type,p.name,m.name
2023-11-18 00:29:56 timesheet index
Unknown column 'p.period' in 'order clause' >> SELECT * FROM msl_timesheet ORDER BY p.period DESC,p.type,p.name,m.name
2023-11-18 00:30:25 timesheet index
Unknown column 'p.period' in 'order clause' >> SELECT * FROM msl_timesheet ORDER BY p.period DESC,p.type,p.name,m.name
2023-11-18 00:40:17 timesheet index
Unknown column 'p.period' in 'order clause' >> SELECT * FROM msl_timesheet WHERE user_id='0' ORDER BY p.period DESC,p.type,p.name,m.name
2023-11-18 00:40:30 timesheet index
Unknown column 'p.period' in 'order clause' >> SELECT * FROM msl_timesheet WHERE user_id='0' ORDER BY p.period DESC,p.type,p.name,m.name
2023-11-18 17:40:06 auth password_set_ajax
Unknown column 'password' in 'field list' >> UPDATE msl_users SET passwd_tmp='',password='1234' WHERE id='4'
2023-11-18 17:42:24 auth password_set_ajax
Unknown column 'password' in 'field list' >> UPDATE msl_users SET passwd_tmp='',password='1234' WHERE id='4'
2023-11-18 17:43:06 auth password_set_ajax
Unknown column 'password' in 'field list' >> UPDATE msl_users SET passwd_tmp='',password='1244' WHERE id='4'
